2016/12/08 15:30:09 [error] [php] Trying to get property of non-object (/Applications/XAMPP/xamppfiles/htdocs/rapport/forManufaturers/rapportformanufacturers/chs/protected/views/servicecall/view.php:174)
Stack trace:
#0 /Applications/XAMPP/xamppfiles/htdocs/rapport/forManufaturers/rapportformanufacturers/framework/web/CController.php(869): ServicecallController->renderFile()
#1 /Applications/XAMPP/xamppfiles/htdocs/rapport/forManufaturers/rapportformanufacturers/framework/web/CController.php(782): ServicecallController->renderPartial()
#2 /Applications/XAMPP/xamppfiles/htdocs/rapport/forManufaturers/rapportformanufacturers/chs/protected/controllers/ServicecallController.php(58): ServicecallController->render()
#3 unknown(0): ServicecallController->actionView()
#4 /Applications/XAMPP/xamppfiles/htdocs/rapport/forManufaturers/rapportformanufacturers/framework/web/actions/CAction.php(108): ReflectionMethod->invokeArgs()
#5 /Applications/XAMPP/xamppfiles/htdocs/rapport/forManufaturers/rapportformanufacturers/framework/web/actions/CInlineAction.php(47): CInlineAction->runWithParamsInternal()
#6 /Applications/XAMPP/xamppfiles/htdocs/rapport/forManufaturers/rapportformanufacturers/framework/web/CController.php(308): CInlineAction->runWithParams()
#7 /Applications/XAMPP/xamppfiles/htdocs/rapport/forManufaturers/rapportformanufacturers/framework/web/filters/CFilterChain.php(133): ServicecallController->runAction()
#8 /Applications/XAMPP/xamppfiles/htdocs/rapport/forManufaturers/rapportformanufacturers/framework/web/filters/CFilter.php(40): CFilterChain->run()
#9 /Applications/XAMPP/xamppfiles/htdocs/rapport/forManufaturers/rapportformanufacturers/chs/protected/modules/rights/components/RController.php(36): RightsFilter->filter()
#10 /Applications/XAMPP/xamppfiles/htdocs/rapport/forManufaturers/rapportformanufacturers/framework/web/filters/CInlineFilter.php(58): ServicecallController->filterRights()
#11 /Applications/XAMPP/xamppfiles/htdocs/rapport/forManufaturers/rapportformanufacturers/framework/web/filters/CFilterChain.php(130): CInlineFilter->filter()
#12 /Applications/XAMPP/xamppfiles/htdocs/rapport/forManufaturers/rapportformanufacturers/framework/web/CController.php(291): CFilterChain->run()
#13 /Applications/XAMPP/xamppfiles/htdocs/rapport/forManufaturers/rapportformanufacturers/framework/web/CController.php(265): ServicecallController->runActionWithFilters()
#14 /Applications/XAMPP/xamppfiles/htdocs/rapport/forManufaturers/rapportformanufacturers/framework/web/CWebApplication.php(282): ServicecallController->run()
#15 /Applications/XAMPP/xamppfiles/htdocs/rapport/forManufaturers/rapportformanufacturers/framework/web/CWebApplication.php(141): CWebApplication->runController()
#16 /Applications/XAMPP/xamppfiles/htdocs/rapport/forManufaturers/rapportformanufacturers/framework/base/CApplication.php(180): CWebApplication->processRequest()
#17 /Applications/XAMPP/xamppfiles/htdocs/rapport/forManufaturers/rapportformanufacturers/chs/index.php(17): CWebApplication->run()
REQUEST_URI=/rapport/forManufaturers/rapportformanufacturers/chs/index.php?r=servicecall/view&id=38352
in /Applications/XAMPP/xamppfiles/htdocs/rapport/forManufaturers/rapportformanufacturers/chs/protected/views/servicecall/view.php (174)
in /Applications/XAMPP/xamppfiles/htdocs/rapport/forManufaturers/rapportformanufacturers/chs/protected/controllers/ServicecallController.php (58)
in /Applications/XAMPP/xamppfiles/htdocs/rapport/forManufaturers/rapportformanufacturers/chs/protected/modules/rights/components/RController.php (36)
2016/12/08 15:30:21 [error] [php] Trying to get property of non-object (/Applications/XAMPP/xamppfiles/htdocs/rapport/forManufaturers/rapportformanufacturers/framework/base/CComponent.php(612) : eval()'d code:1)
Stack trace:
#0 /Applications/XAMPP/xamppfiles/htdocs/rapport/forManufaturers/rapportformanufacturers/framework/zii/widgets/grid/CGridColumn.php(151): CDataColumn->renderDataCellContent()
#1 /Applications/XAMPP/xamppfiles/htdocs/rapport/forManufaturers/rapportformanufacturers/framework/zii/widgets/grid/CGridView.php(616): CDataColumn->renderDataCell()
#2 /Applications/XAMPP/xamppfiles/htdocs/rapport/forManufaturers/rapportformanufacturers/framework/zii/widgets/grid/CGridView.php(572): CGridView->renderTableRow()
#3 /Applications/XAMPP/xamppfiles/htdocs/rapport/forManufaturers/rapportformanufacturers/framework/zii/widgets/grid/CGridView.php(482): CGridView->renderTableBody()
#4 /Applications/XAMPP/xamppfiles/htdocs/rapport/forManufaturers/rapportformanufacturers/framework/zii/widgets/CBaseListView.php(167): CGridView->renderItems()
#5 unknown(0): CGridView->renderSection()
#6 /Applications/XAMPP/xamppfiles/htdocs/rapport/forManufaturers/rapportformanufacturers/framework/zii/widgets/CBaseListView.php(150): preg_replace_callback()
#7 /Applications/XAMPP/xamppfiles/htdocs/rapport/forManufaturers/rapportformanufacturers/framework/zii/widgets/CBaseListView.php(135): CGridView->renderContent()
#8 /Applications/XAMPP/xamppfiles/htdocs/rapport/forManufaturers/rapportformanufacturers/framework/web/CBaseController.php(173): CGridView->run()
#9 /Applications/XAMPP/xamppfiles/htdocs/rapport/forManufaturers/rapportformanufacturers/chs/protected/modules/gomobile/views/gmservicecalls/admin.php(158): GmservicecallsController->widget()
#10 /Applications/XAMPP/xamppfiles/htdocs/rapport/forManufaturers/rapportformanufacturers/framework/web/CBaseController.php(126): require()
#11 /Applications/XAMPP/xamppfiles/htdocs/rapport/forManufaturers/rapportformanufacturers/framework/web/CBaseController.php(95): GmservicecallsController->renderInternal()
#12 /Applications/XAMPP/xamppfiles/htdocs/rapport/forManufaturers/rapportformanufacturers/framework/web/CController.php(869): GmservicecallsController->renderFile()
#13 /Applications/XAMPP/xamppfiles/htdocs/rapport/forManufaturers/rapportformanufacturers/framework/web/CController.php(782): GmservicecallsController->renderPartial()
#14 /Applications/XAMPP/xamppfiles/htdocs/rapport/forManufaturers/rapportformanufacturers/chs/protected/modules/gomobile/controllers/GmservicecallsController.php(166): GmservicecallsController->render()
#15 /Applications/XAMPP/xamppfiles/htdocs/rapport/forManufaturers/rapportformanufacturers/framework/web/actions/CInlineAction.php(49): GmservicecallsController->actionAdmin()
#16 /Applications/XAMPP/xamppfiles/htdocs/rapport/forManufaturers/rapportformanufacturers/framework/web/CController.php(308): CInlineAction->runWithParams()
#17 /Applications/XAMPP/xamppfiles/htdocs/rapport/forManufaturers/rapportformanufacturers/framework/web/filters/CFilterChain.php(133): GmservicecallsController->runAction()
#18 /Applications/XAMPP/xamppfiles/htdocs/rapport/forManufaturers/rapportformanufacturers/framework/web/filters/CFilter.php(40): CFilterChain->run()
#19 /Applications/XAMPP/xamppfiles/htdocs/rapport/forManufaturers/rapportformanufacturers/chs/protected/modules/rights/components/RController.php(36): RightsFilter->filter()
#20 /Applications/XAMPP/xamppfiles/htdocs/rapport/forManufaturers/rapportformanufacturers/framework/web/filters/CInlineFilter.php(58): GmservicecallsController->filterRights()
#21 /Applications/XAMPP/xamppfiles/htdocs/rapport/forManufaturers/rapportformanufacturers/framework/web/filters/CFilterChain.php(130): CInlineFilter->filter()
#22 /Applications/XAMPP/xamppfiles/htdocs/rapport/forManufaturers/rapportformanufacturers/framework/web/CController.php(291): CFilterChain->run()
#23 /Applications/XAMPP/xamppfiles/htdocs/rapport/forManufaturers/rapportformanufacturers/framework/web/CController.php(265): GmservicecallsController->runActionWithFilters()
#24 /Applications/XAMPP/xamppfiles/htdocs/rapport/forManufaturers/rapportformanufacturers/framework/web/CWebApplication.php(282): GmservicecallsController->run()
#25 /Applications/XAMPP/xamppfiles/htdocs/rapport/forManufaturers/rapportformanufacturers/framework/web/CWebApplication.php(141): CWebApplication->runController()
#26 /Applications/XAMPP/xamppfiles/htdocs/rapport/forManufaturers/rapportformanufacturers/framework/base/CApplication.php(180): CWebApplication->processRequest()
#27 /Applications/XAMPP/xamppfiles/htdocs/rapport/forManufaturers/rapportformanufacturers/chs/index.php(17): CWebApplication->run()
REQUEST_URI=/rapport/forManufaturers/rapportformanufacturers/chs/index.php?r=gomobile/gmservicecalls/admin
in /Applications/XAMPP/xamppfiles/htdocs/rapport/forManufaturers/rapportformanufacturers/chs/protected/modules/gomobile/views/gmservicecalls/admin.php (158)
in /Applications/XAMPP/xamppfiles/htdocs/rapport/forManufaturers/rapportformanufacturers/chs/protected/modules/gomobile/controllers/GmservicecallsController.php (166)
in /Applications/XAMPP/xamppfiles/htdocs/rapport/forManufaturers/rapportformanufacturers/chs/protected/modules/rights/components/RController.php (36)
2016/12/08 15:30:24 [error] [php] Trying to get property of non-object (/Applications/XAMPP/xamppfiles/htdocs/rapport/forManufaturers/rapportformanufacturers/chs/protected/views/servicecall/view.php:174)
Stack trace:
#0 /Applications/XAMPP/xamppfiles/htdocs/rapport/forManufaturers/rapportformanufacturers/framework/web/CController.php(869): ServicecallController->renderFile()
#1 /Applications/XAMPP/xamppfiles/htdocs/rapport/forManufaturers/rapportformanufacturers/framework/web/CController.php(782): ServicecallController->renderPartial()
#2 /Applications/XAMPP/xamppfiles/htdocs/rapport/forManufaturers/rapportformanufacturers/chs/protected/controllers/ServicecallController.php(58): ServicecallController->render()
#3 unknown(0): ServicecallController->actionView()
#4 /Applications/XAMPP/xamppfiles/htdocs/rapport/forManufaturers/rapportformanufacturers/framework/web/actions/CAction.php(108): ReflectionMethod->invokeArgs()
#5 /Applications/XAMPP/xamppfiles/htdocs/rapport/forManufaturers/rapportformanufacturers/framework/web/actions/CInlineAction.php(47): CInlineAction->runWithParamsInternal()
#6 /Applications/XAMPP/xamppfiles/htdocs/rapport/forManufaturers/rapportformanufacturers/framework/web/CController.php(308): CInlineAction->runWithParams()
#7 /Applications/XAMPP/xamppfiles/htdocs/rapport/forManufaturers/rapportformanufacturers/framework/web/filters/CFilterChain.php(133): ServicecallController->runAction()
#8 /Applications/XAMPP/xamppfiles/htdocs/rapport/forManufaturers/rapportformanufacturers/framework/web/filters/CFilter.php(40): CFilterChain->run()
#9 /Applications/XAMPP/xamppfiles/htdocs/rapport/forManufaturers/rapportformanufacturers/chs/protected/modules/rights/components/RController.php(36): RightsFilter->filter()
#10 /Applications/XAMPP/xamppfiles/htdocs/rapport/forManufaturers/rapportformanufacturers/framework/web/filters/CInlineFilter.php(58): ServicecallController->filterRights()
#11 /Applications/XAMPP/xamppfiles/htdocs/rapport/forManufaturers/rapportformanufacturers/framework/web/filters/CFilterChain.php(130): CInlineFilter->filter()
#12 /Applications/XAMPP/xamppfiles/htdocs/rapport/forManufaturers/rapportformanufacturers/framework/web/CController.php(291): CFilterChain->run()
#13 /Applications/XAMPP/xamppfiles/htdocs/rapport/forManufaturers/rapportformanufacturers/framework/web/CController.php(265): ServicecallController->runActionWithFilters()
#14 /Applications/XAMPP/xamppfiles/htdocs/rapport/forManufaturers/rapportformanufacturers/framework/web/CWebApplication.php(282): ServicecallController->run()
#15 /Applications/XAMPP/xamppfiles/htdocs/rapport/forManufaturers/rapportformanufacturers/framework/web/CWebApplication.php(141): CWebApplication->runController()
#16 /Applications/XAMPP/xamppfiles/htdocs/rapport/forManufaturers/rapportformanufacturers/framework/base/CApplication.php(180): CWebApplication->processRequest()
#17 /Applications/XAMPP/xamppfiles/htdocs/rapport/forManufaturers/rapportformanufacturers/chs/index.php(17): CWebApplication->run()
REQUEST_URI=/rapport/forManufaturers/rapportformanufacturers/chs/index.php?r=servicecall/view&id=38352
in /Applications/XAMPP/xamppfiles/htdocs/rapport/forManufaturers/rapportformanufacturers/chs/protected/views/servicecall/view.php (174)
in /Applications/XAMPP/xamppfiles/htdocs/rapport/forManufaturers/rapportformanufacturers/chs/protected/controllers/ServicecallController.php (58)
in /Applications/XAMPP/xamppfiles/htdocs/rapport/forManufaturers/rapportformanufacturers/chs/protected/modules/rights/components/RController.php (36)
2016/12/08 15:31:06 [error] [php] Trying to get property of non-object (/Applications/XAMPP/xamppfiles/htdocs/rapport/forManufaturers/rapportformanufacturers/chs/protected/views/servicecall/view.php:174)
Stack trace:
#0 /Applications/XAMPP/xamppfiles/htdocs/rapport/forManufaturers/rapportformanufacturers/framework/web/CController.php(869): ServicecallController->renderFile()
#1 /Applications/XAMPP/xamppfiles/htdocs/rapport/forManufaturers/rapportformanufacturers/framework/web/CController.php(782): ServicecallController->renderPartial()
#2 /Applications/XAMPP/xamppfiles/htdocs/rapport/forManufaturers/rapportformanufacturers/chs/protected/controllers/ServicecallController.php(58): ServicecallController->render()
#3 unknown(0): ServicecallController->actionView()
#4 /Applications/XAMPP/xamppfiles/htdocs/rapport/forManufaturers/rapportformanufacturers/framework/web/actions/CAction.php(108): ReflectionMethod->invokeArgs()
#5 /Applications/XAMPP/xamppfiles/htdocs/rapport/forManufaturers/rapportformanufacturers/framework/web/actions/CInlineAction.php(47): CInlineAction->runWithParamsInternal()
#6 /Applications/XAMPP/xamppfiles/htdocs/rapport/forManufaturers/rapportformanufacturers/framework/web/CController.php(308): CInlineAction->runWithParams()
#7 /Applications/XAMPP/xamppfiles/htdocs/rapport/forManufaturers/rapportformanufacturers/framework/web/filters/CFilterChain.php(133): ServicecallController->runAction()
#8 /Applications/XAMPP/xamppfiles/htdocs/rapport/forManufaturers/rapportformanufacturers/framework/web/filters/CFilter.php(40): CFilterChain->run()
#9 /Applications/XAMPP/xamppfiles/htdocs/rapport/forManufaturers/rapportformanufacturers/chs/protected/modules/rights/components/RController.php(36): RightsFilter->filter()
#10 /Applications/XAMPP/xamppfiles/htdocs/rapport/forManufaturers/rapportformanufacturers/framework/web/filters/CInlineFilter.php(58): ServicecallController->filterRights()
#11 /Applications/XAMPP/xamppfiles/htdocs/rapport/forManufaturers/rapportformanufacturers/framework/web/filters/CFilterChain.php(130): CInlineFilter->filter()
#12 /Applications/XAMPP/xamppfiles/htdocs/rapport/forManufaturers/rapportformanufacturers/framework/web/CController.php(291): CFilterChain->run()
#13 /Applications/XAMPP/xamppfiles/htdocs/rapport/forManufaturers/rapportformanufacturers/framework/web/CController.php(265): ServicecallController->runActionWithFilters()
#14 /Applications/XAMPP/xamppfiles/htdocs/rapport/forManufaturers/rapportformanufacturers/framework/web/CWebApplication.php(282): ServicecallController->run()
#15 /Applications/XAMPP/xamppfiles/htdocs/rapport/forManufaturers/rapportformanufacturers/framework/web/CWebApplication.php(141): CWebApplication->runController()
#16 /Applications/XAMPP/xamppfiles/htdocs/rapport/forManufaturers/rapportformanufacturers/framework/base/CApplication.php(180): CWebApplication->processRequest()
#17 /Applications/XAMPP/xamppfiles/htdocs/rapport/forManufaturers/rapportformanufacturers/chs/index.php(17): CWebApplication->run()
REQUEST_URI=/rapport/forManufaturers/rapportformanufacturers/chs/index.php?r=servicecall/view&id=38352
in /Applications/XAMPP/xamppfiles/htdocs/rapport/forManufaturers/rapportformanufacturers/chs/protected/views/servicecall/view.php (174)
in /Applications/XAMPP/xamppfiles/htdocs/rapport/forManufaturers/rapportformanufacturers/chs/protected/controllers/ServicecallController.php (58)
in /Applications/XAMPP/xamppfiles/htdocs/rapport/forManufaturers/rapportformanufacturers/chs/protected/modules/rights/components/RController.php (36)
2016/12/08 15:31:08 [error] [php] Trying to get property of non-object (/Applications/XAMPP/xamppfiles/htdocs/rapport/forManufaturers/rapportformanufacturers/chs/protected/views/servicecall/view.php:174)
Stack trace:
#0 /Applications/XAMPP/xamppfiles/htdocs/rapport/forManufaturers/rapportformanufacturers/framework/web/CController.php(869): ServicecallController->renderFile()
#1 /Applications/XAMPP/xamppfiles/htdocs/rapport/forManufaturers/rapportformanufacturers/framework/web/CController.php(782): ServicecallController->renderPartial()
#2 /Applications/XAMPP/xamppfiles/htdocs/rapport/forManufaturers/rapportformanufacturers/chs/protected/controllers/ServicecallController.php(58): ServicecallController->render()
#3 unknown(0): ServicecallController->actionView()
#4 /Applications/XAMPP/xamppfiles/htdocs/rapport/forManufaturers/rapportformanufacturers/framework/web/actions/CAction.php(108): ReflectionMethod->invokeArgs()
#5 /Applications/XAMPP/xamppfiles/htdocs/rapport/forManufaturers/rapportformanufacturers/framework/web/actions/CInlineAction.php(47): CInlineAction->runWithParamsInternal()
#6 /Applications/XAMPP/xamppfiles/htdocs/rapport/forManufaturers/rapportformanufacturers/framework/web/CController.php(308): CInlineAction->runWithParams()
#7 /Applications/XAMPP/xamppfiles/htdocs/rapport/forManufaturers/rapportformanufacturers/framework/web/filters/CFilterChain.php(133): ServicecallController->runAction()
#8 /Applications/XAMPP/xamppfiles/htdocs/rapport/forManufaturers/rapportformanufacturers/framework/web/filters/CFilter.php(40): CFilterChain->run()
#9 /Applications/XAMPP/xamppfiles/htdocs/rapport/forManufaturers/rapportformanufacturers/chs/protected/modules/rights/components/RController.php(36): RightsFilter->filter()
#10 /Applications/XAMPP/xamppfiles/htdocs/rapport/forManufaturers/rapportformanufacturers/framework/web/filters/CInlineFilter.php(58): ServicecallController->filterRights()
#11 /Applications/XAMPP/xamppfiles/htdocs/rapport/forManufaturers/rapportformanufacturers/framework/web/filters/CFilterChain.php(130): CInlineFilter->filter()
#12 /Applications/XAMPP/xamppfiles/htdocs/rapport/forManufaturers/rapportformanufacturers/framework/web/CController.php(291): CFilterChain->run()
#13 /Applications/XAMPP/xamppfiles/htdocs/rapport/forManufaturers/rapportformanufacturers/framework/web/CController.php(265): ServicecallController->runActionWithFilters()
#14 /Applications/XAMPP/xamppfiles/htdocs/rapport/forManufaturers/rapportformanufacturers/framework/web/CWebApplication.php(282): ServicecallController->run()
#15 /Applications/XAMPP/xamppfiles/htdocs/rapport/forManufaturers/rapportformanufacturers/framework/web/CWebApplication.php(141): CWebApplication->runController()
#16 /Applications/XAMPP/xamppfiles/htdocs/rapport/forManufaturers/rapportformanufacturers/framework/base/CApplication.php(180): CWebApplication->processRequest()
#17 /Applications/XAMPP/xamppfiles/htdocs/rapport/forManufaturers/rapportformanufacturers/chs/index.php(17): CWebApplication->run()
REQUEST_URI=/rapport/forManufaturers/rapportformanufacturers/chs/index.php?r=servicecall/view&id=38352
in /Applications/XAMPP/xamppfiles/htdocs/rapport/forManufaturers/rapportformanufacturers/chs/protected/views/servicecall/view.php (174)
in /Applications/XAMPP/xamppfiles/htdocs/rapport/forManufaturers/rapportformanufacturers/chs/protected/controllers/ServicecallController.php (58)
in /Applications/XAMPP/xamppfiles/htdocs/rapport/forManufaturers/rapportformanufacturers/chs/protected/modules/rights/components/RController.php (36)
2016/12/08 15:33:15 [error] [php] Trying to get property of non-object (/Applications/XAMPP/xamppfiles/htdocs/rapport/forManufaturers/rapportformanufacturers/chs/protected/views/servicecall/view.php:174)
Stack trace:
#0 /Applications/XAMPP/xamppfiles/htdocs/rapport/forManufaturers/rapportformanufacturers/framework/web/CController.php(869): ServicecallController->renderFile()
#1 /Applications/XAMPP/xamppfiles/htdocs/rapport/forManufaturers/rapportformanufacturers/framework/web/CController.php(782): ServicecallController->renderPartial()
#2 /Applications/XAMPP/xamppfiles/htdocs/rapport/forManufaturers/rapportformanufacturers/chs/protected/controllers/ServicecallController.php(58): ServicecallController->render()
#3 unknown(0): ServicecallController->actionView()
#4 /Applications/XAMPP/xamppfiles/htdocs/rapport/forManufaturers/rapportformanufacturers/framework/web/actions/CAction.php(108): ReflectionMethod->invokeArgs()
#5 /Applications/XAMPP/xamppfiles/htdocs/rapport/forManufaturers/rapportformanufacturers/framework/web/actions/CInlineAction.php(47): CInlineAction->runWithParamsInternal()
#6 /Applications/XAMPP/xamppfiles/htdocs/rapport/forManufaturers/rapportformanufacturers/framework/web/CController.php(308): CInlineAction->runWithParams()
#7 /Applications/XAMPP/xamppfiles/htdocs/rapport/forManufaturers/rapportformanufacturers/framework/web/filters/CFilterChain.php(133): ServicecallController->runAction()
#8 /Applications/XAMPP/xamppfiles/htdocs/rapport/forManufaturers/rapportformanufacturers/framework/web/filters/CFilter.php(40): CFilterChain->run()
#9 /Applications/XAMPP/xamppfiles/htdocs/rapport/forManufaturers/rapportformanufacturers/chs/protected/modules/rights/components/RController.php(36): RightsFilter->filter()
#10 /Applications/XAMPP/xamppfiles/htdocs/rapport/forManufaturers/rapportformanufacturers/framework/web/filters/CInlineFilter.php(58): ServicecallController->filterRights()
#11 /Applications/XAMPP/xamppfiles/htdocs/rapport/forManufaturers/rapportformanufacturers/framework/web/filters/CFilterChain.php(130): CInlineFilter->filter()
#12 /Applications/XAMPP/xamppfiles/htdocs/rapport/forManufaturers/rapportformanufacturers/framework/web/CController.php(291): CFilterChain->run()
#13 /Applications/XAMPP/xamppfiles/htdocs/rapport/forManufaturers/rapportformanufacturers/framework/web/CController.php(265): ServicecallController->runActionWithFilters()
#14 /Applications/XAMPP/xamppfiles/htdocs/rapport/forManufaturers/rapportformanufacturers/framework/web/CWebApplication.php(282): ServicecallController->run()
#15 /Applications/XAMPP/xamppfiles/htdocs/rapport/forManufaturers/rapportformanufacturers/framework/web/CWebApplication.php(141): CWebApplication->runController()
#16 /Applications/XAMPP/xamppfiles/htdocs/rapport/forManufaturers/rapportformanufacturers/framework/base/CApplication.php(180): CWebApplication->processRequest()
#17 /Applications/XAMPP/xamppfiles/htdocs/rapport/forManufaturers/rapportformanufacturers/chs/index.php(17): CWebApplication->run()
REQUEST_URI=/rapport/forManufaturers/rapportformanufacturers/chs/index.php?r=servicecall/view&id=38352
in /Applications/XAMPP/xamppfiles/htdocs/rapport/forManufaturers/rapportformanufacturers/chs/protected/views/servicecall/view.php (174)
in /Applications/XAMPP/xamppfiles/htdocs/rapport/forManufaturers/rapportformanufacturers/chs/protected/controllers/ServicecallController.php (58)
in /Applications/XAMPP/xamppfiles/htdocs/rapport/forManufaturers/rapportformanufacturers/chs/protected/modules/rights/components/RController.php (36)
2016/12/08 15:33:16 [error] [php] Trying to get property of non-object (/Applications/XAMPP/xamppfiles/htdocs/rapport/forManufaturers/rapportformanufacturers/chs/protected/views/servicecall/view.php:174)
Stack trace:
#0 /Applications/XAMPP/xamppfiles/htdocs/rapport/forManufaturers/rapportformanufacturers/framework/web/CController.php(869): ServicecallController->renderFile()
#1 /Applications/XAMPP/xamppfiles/htdocs/rapport/forManufaturers/rapportformanufacturers/framework/web/CController.php(782): ServicecallController->renderPartial()
#2 /Applications/XAMPP/xamppfiles/htdocs/rapport/forManufaturers/rapportformanufacturers/chs/protected/controllers/ServicecallController.php(58): ServicecallController->render()
#3 unknown(0): ServicecallController->actionView()
#4 /Applications/XAMPP/xamppfiles/htdocs/rapport/forManufaturers/rapportformanufacturers/framework/web/actions/CAction.php(108): ReflectionMethod->invokeArgs()
#5 /Applications/XAMPP/xamppfiles/htdocs/rapport/forManufaturers/rapportformanufacturers/framework/web/actions/CInlineAction.php(47): CInlineAction->runWithParamsInternal()
#6 /Applications/XAMPP/xamppfiles/htdocs/rapport/forManufaturers/rapportformanufacturers/framework/web/CController.php(308): CInlineAction->runWithParams()
#7 /Applications/XAMPP/xamppfiles/htdocs/rapport/forManufaturers/rapportformanufacturers/framework/web/filters/CFilterChain.php(133): ServicecallController->runAction()
#8 /Applications/XAMPP/xamppfiles/htdocs/rapport/forManufaturers/rapportformanufacturers/framework/web/filters/CFilter.php(40): CFilterChain->run()
#9 /Applications/XAMPP/xamppfiles/htdocs/rapport/forManufaturers/rapportformanufacturers/chs/protected/modules/rights/components/RController.php(36): RightsFilter->filter()
#10 /Applications/XAMPP/xamppfiles/htdocs/rapport/forManufaturers/rapportformanufacturers/framework/web/filters/CInlineFilter.php(58): ServicecallController->filterRights()
#11 /Applications/XAMPP/xamppfiles/htdocs/rapport/forManufaturers/rapportformanufacturers/framework/web/filters/CFilterChain.php(130): CInlineFilter->filter()
#12 /Applications/XAMPP/xamppfiles/htdocs/rapport/forManufaturers/rapportformanufacturers/framework/web/CController.php(291): CFilterChain->run()
#13 /Applications/XAMPP/xamppfiles/htdocs/rapport/forManufaturers/rapportformanufacturers/framework/web/CController.php(265): ServicecallController->runActionWithFilters()
#14 /Applications/XAMPP/xamppfiles/htdocs/rapport/forManufaturers/rapportformanufacturers/framework/web/CWebApplication.php(282): ServicecallController->run()
#15 /Applications/XAMPP/xamppfiles/htdocs/rapport/forManufaturers/rapportformanufacturers/framework/web/CWebApplication.php(141): CWebApplication->runController()
#16 /Applications/XAMPP/xamppfiles/htdocs/rapport/forManufaturers/rapportformanufacturers/framework/base/CApplication.php(180): CWebApplication->processRequest()
#17 /Applications/XAMPP/xamppfiles/htdocs/rapport/forManufaturers/rapportformanufacturers/chs/index.php(17): CWebApplication->run()
REQUEST_URI=/rapport/forManufaturers/rapportformanufacturers/chs/index.php?r=servicecall/view&id=38352
in /Applications/XAMPP/xamppfiles/htdocs/rapport/forManufaturers/rapportformanufacturers/chs/protected/views/servicecall/view.php (174)
in /Applications/XAMPP/xamppfiles/htdocs/rapport/forManufaturers/rapportformanufacturers/chs/protected/controllers/ServicecallController.php (58)
in /Applications/XAMPP/xamppfiles/htdocs/rapport/forManufaturers/rapportformanufacturers/chs/protected/modules/rights/components/RController.php (36)
2016/12/08 15:33:17 [error] [php] Trying to get property of non-object (/Applications/XAMPP/xamppfiles/htdocs/rapport/forManufaturers/rapportformanufacturers/chs/protected/views/servicecall/view.php:174)
Stack trace:
#0 /Applications/XAMPP/xamppfiles/htdocs/rapport/forManufaturers/rapportformanufacturers/framework/web/CController.php(869): ServicecallController->renderFile()
#1 /Applications/XAMPP/xamppfiles/htdocs/rapport/forManufaturers/rapportformanufacturers/framework/web/CController.php(782): ServicecallController->renderPartial()
#2 /Applications/XAMPP/xamppfiles/htdocs/rapport/forManufaturers/rapportformanufacturers/chs/protected/controllers/ServicecallController.php(58): ServicecallController->render()
#3 unknown(0): ServicecallController->actionView()
#4 /Applications/XAMPP/xamppfiles/htdocs/rapport/forManufaturers/rapportformanufacturers/framework/web/actions/CAction.php(108): ReflectionMethod->invokeArgs()
#5 /Applications/XAMPP/xamppfiles/htdocs/rapport/forManufaturers/rapportformanufacturers/framework/web/actions/CInlineAction.php(47): CInlineAction->runWithParamsInternal()
#6 /Applications/XAMPP/xamppfiles/htdocs/rapport/forManufaturers/rapportformanufacturers/framework/web/CController.php(308): CInlineAction->runWithParams()
#7 /Applications/XAMPP/xamppfiles/htdocs/rapport/forManufaturers/rapportformanufacturers/framework/web/filters/CFilterChain.php(133): ServicecallController->runAction()
#8 /Applications/XAMPP/xamppfiles/htdocs/rapport/forManufaturers/rapportformanufacturers/framework/web/filters/CFilter.php(40): CFilterChain->run()
#9 /Applications/XAMPP/xamppfiles/htdocs/rapport/forManufaturers/rapportformanufacturers/chs/protected/modules/rights/components/RController.php(36): RightsFilter->filter()
#10 /Applications/XAMPP/xamppfiles/htdocs/rapport/forManufaturers/rapportformanufacturers/framework/web/filters/CInlineFilter.php(58): ServicecallController->filterRights()
#11 /Applications/XAMPP/xamppfiles/htdocs/rapport/forManufaturers/rapportformanufacturers/framework/web/filters/CFilterChain.php(130): CInlineFilter->filter()
#12 /Applications/XAMPP/xamppfiles/htdocs/rapport/forManufaturers/rapportformanufacturers/framework/web/CController.php(291): CFilterChain->run()
#13 /Applications/XAMPP/xamppfiles/htdocs/rapport/forManufaturers/rapportformanufacturers/framework/web/CController.php(265): ServicecallController->runActionWithFilters()
#14 /Applications/XAMPP/xamppfiles/htdocs/rapport/forManufaturers/rapportformanufacturers/framework/web/CWebApplication.php(282): ServicecallController->run()
#15 /Applications/XAMPP/xamppfiles/htdocs/rapport/forManufaturers/rapportformanufacturers/framework/web/CWebApplication.php(141): CWebApplication->runController()
#16 /Applications/XAMPP/xamppfiles/htdocs/rapport/forManufaturers/rapportformanufacturers/framework/base/CApplication.php(180): CWebApplication->processRequest()
#17 /Applications/XAMPP/xamppfiles/htdocs/rapport/forManufaturers/rapportformanufacturers/chs/index.php(17): CWebApplication->run()
REQUEST_URI=/rapport/forManufaturers/rapportformanufacturers/chs/index.php?r=servicecall/view&id=38352
in /Applications/XAMPP/xamppfiles/htdocs/rapport/forManufaturers/rapportformanufacturers/chs/protected/views/servicecall/view.php (174)
in /Applications/XAMPP/xamppfiles/htdocs/rapport/forManufaturers/rapportformanufacturers/chs/protected/controllers/ServicecallController.php (58)
in /Applications/XAMPP/xamppfiles/htdocs/rapport/forManufaturers/rapportformanufacturers/chs/protected/modules/rights/components/RController.php (36)
2016/12/09 12:49:10 [error] [exception.CHttpException.400] exception 'CHttpException' with message 'Your request is invalid.' in /Applications/XAMPP/xamppfiles/htdocs/rapport/forManufaturers/rapportformanufacturers/framework/web/CController.php:336
Stack trace:
#0 /Applications/XAMPP/xamppfiles/htdocs/rapport/forManufaturers/rapportformanufacturers/framework/web/CController.php(309): CController->invalidActionParams(Object(CInlineAction))
#1 /Applications/XAMPP/xamppfiles/htdocs/rapport/forManufaturers/rapportformanufacturers/framework/web/filters/CFilterChain.php(133): CController->runAction(Object(CInlineAction))
#2 /Applications/XAMPP/xamppfiles/htdocs/rapport/forManufaturers/rapportformanufacturers/framework/web/filters/CFilter.php(40): CFilterChain->run()
#3 /Applications/XAMPP/xamppfiles/htdocs/rapport/forManufaturers/rapportformanufacturers/chs/protected/modules/rights/components/RController.php(36): CFilter->filter(Object(CFilterChain))
#4 /Applications/XAMPP/xamppfiles/htdocs/rapport/forManufaturers/rapportformanufacturers/framework/web/filters/CInlineFilter.php(58): RController->filterRights(Object(CFilterChain))
#5 /Applications/XAMPP/xamppfiles/htdocs/rapport/forManufaturers/rapportformanufacturers/framework/web/filters/CFilterChain.php(130): CInlineFilter->filter(Object(CFilterChain))
#6 /Applications/XAMPP/xamppfiles/htdocs/rapport/forManufaturers/rapportformanufacturers/framework/web/CController.php(291): CFilterChain->run()
#7 /Applications/XAMPP/xamppfiles/htdocs/rapport/forManufaturers/rapportformanufacturers/framework/web/CController.php(265): CController->runActionWithFilters(Object(CInlineAction), Array)
#8 /Applications/XAMPP/xamppfiles/htdocs/rapport/forManufaturers/rapportformanufacturers/framework/web/CWebApplication.php(282): CController->run('view')
#9 /Applications/XAMPP/xamppfiles/htdocs/rapport/forManufaturers/rapportformanufacturers/framework/web/CWebApplication.php(141): CWebApplication->runController('gomobile/gmserv...')
#10 /Applications/XAMPP/xamppfiles/htdocs/rapport/forManufaturers/rapportformanufacturers/framework/base/CApplication.php(180): CWebApplication->processRequest()
#11 /Applications/XAMPP/xamppfiles/htdocs/rapport/forManufaturers/rapportformanufacturers/chs/index.php(17): CApplication->run()
#12 {main}
REQUEST_URI=/rapport/forManufaturers/rapportformanufacturers/chs/index.php?r=gomobile/gmservicecalls/view
---
2016/12/09 14:21:57 [error] [php] date() expects parameter 2 to be long, string given (/Applications/XAMPP/xamppfiles/htdocs/rapport/forManufaturers/rapportformanufacturers/chs/protected/modules/gomobile/models/Gmservicecalls.php:396)
Stack trace:
#0 /Applications/XAMPP/xamppfiles/htdocs/rapport/forManufaturers/rapportformanufacturers/framework/web/actions/CInlineAction.php(49): GmservicecallsController->actionApprovetheclaim()
#1 /Applications/XAMPP/xamppfiles/htdocs/rapport/forManufaturers/rapportformanufacturers/framework/web/CController.php(308): CInlineAction->runWithParams()
#2 /Applications/XAMPP/xamppfiles/htdocs/rapport/forManufaturers/rapportformanufacturers/framework/web/filters/CFilterChain.php(133): GmservicecallsController->runAction()
#3 /Applications/XAMPP/xamppfiles/htdocs/rapport/forManufaturers/rapportformanufacturers/framework/web/filters/CFilter.php(40): CFilterChain->run()
#4 /Applications/XAMPP/xamppfiles/htdocs/rapport/forManufaturers/rapportformanufacturers/chs/protected/modules/rights/components/RController.php(36): RightsFilter->filter()
#5 /Applications/XAMPP/xamppfiles/htdocs/rapport/forManufaturers/rapportformanufacturers/framework/web/filters/CInlineFilter.php(58): GmservicecallsController->filterRights()
#6 /Applications/XAMPP/xamppfiles/htdocs/rapport/forManufaturers/rapportformanufacturers/framework/web/filters/CFilterChain.php(130): CInlineFilter->filter()
#7 /Applications/XAMPP/xamppfiles/htdocs/rapport/forManufaturers/rapportformanufacturers/framework/web/CController.php(291): CFilterChain->run()
#8 /Applications/XAMPP/xamppfiles/htdocs/rapport/forManufaturers/rapportformanufacturers/framework/web/CController.php(265): GmservicecallsController->runActionWithFilters()
#9 /Applications/XAMPP/xamppfiles/htdocs/rapport/forManufaturers/rapportformanufacturers/framework/web/CWebApplication.php(282): GmservicecallsController->run()
#10 /Applications/XAMPP/xamppfiles/htdocs/rapport/forManufaturers/rapportformanufacturers/framework/web/CWebApplication.php(141): CWebApplication->runController()
#11 /Applications/XAMPP/xamppfiles/htdocs/rapport/forManufaturers/rapportformanufacturers/framework/base/CApplication.php(180): CWebApplication->processRequest()
#12 /Applications/XAMPP/xamppfiles/htdocs/rapport/forManufaturers/rapportformanufacturers/chs/index.php(17): CWebApplication->run()
REQUEST_URI=/rapport/forManufaturers/rapportformanufacturers/chs/index.php?r=gomobile/gmservicecalls/approvetheclaim
in /Applications/XAMPP/xamppfiles/htdocs/rapport/forManufaturers/rapportformanufacturers/chs/protected/modules/gomobile/models/Gmservicecalls.php (396)
in /Applications/XAMPP/xamppfiles/htdocs/rapport/forManufaturers/rapportformanufacturers/chs/protected/modules/gomobile/controllers/GmservicecallsController.php (374)
in /Applications/XAMPP/xamppfiles/htdocs/rapport/forManufaturers/rapportformanufacturers/chs/protected/modules/rights/components/RController.php (36)
2016/12/23 16:11:36 [warning] [application] Failed to set unsafe attribute "country_id" of "Setup".
in /Applications/XAMPP/xamppfiles/htdocs/rapport/forManufaturers/rapportformanufacturers/chs/protected/controllers/SetupController.php (98)
in /Applications/XAMPP/xamppfiles/htdocs/rapport/forManufaturers/rapportformanufacturers/chs/protected/modules/rights/components/RController.php (36)
in /Applications/XAMPP/xamppfiles/htdocs/rapport/forManufaturers/rapportformanufacturers/chs/index.php (17)
2016/12/23 16:11:36 [error] [system.db.CDbCommand] CDbCommand::execute() failed: SQLSTATE[HY000]: General error: 8 attempt to write a readonly database. The SQL statement executed was: UPDATE 'setup' SET "id"=:yp0, "company"=:yp1, "address"=:yp2, "town"=:yp3, "postcode_s"=:yp4, "postcode_e"=:yp5, "county"=:yp6, "country_id"=:yp7, "email"=:yp8, "telephone"=:yp9, "mobile"=:yp10, "alternate"=:yp11, "fax"=:yp12, "postcodeanywhere_account_code"=:yp13, "postcodeanywhere_license_key"=:yp14, "website"=:yp15, "vat_reg_no"=:yp16, "company_number"=:yp17, "postcode"=:yp18, "version_update_url"=:yp19, "live_booking_id"=:yp20 WHERE 'setup'."id"=1.
in /Applications/XAMPP/xamppfiles/htdocs/rapport/forManufaturers/rapportformanufacturers/chs/protected/controllers/SetupController.php (109)
in /Applications/XAMPP/xamppfiles/htdocs/rapport/forManufaturers/rapportformanufacturers/chs/protected/modules/rights/components/RController.php (36)
in /Applications/XAMPP/xamppfiles/htdocs/rapport/forManufaturers/rapportformanufacturers/chs/index.php (17)
2016/12/23 16:11:36 [error] [exception.CDbException] exception 'CDbException' with message 'CDbCommand failed to execute the SQL statement: SQLSTATE[HY000]: General error: 8 attempt to write a readonly database. The SQL statement executed was: UPDATE 'setup' SET "id"=:yp0, "company"=:yp1, "address"=:yp2, "town"=:yp3, "postcode_s"=:yp4, "postcode_e"=:yp5, "county"=:yp6, "country_id"=:yp7, "email"=:yp8, "telephone"=:yp9, "mobile"=:yp10, "alternate"=:yp11, "fax"=:yp12, "postcodeanywhere_account_code"=:yp13, "postcodeanywhere_license_key"=:yp14, "website"=:yp15, "vat_reg_no"=:yp16, "company_number"=:yp17, "postcode"=:yp18, "version_update_url"=:yp19, "live_booking_id"=:yp20 WHERE 'setup'."id"=1' in /Applications/XAMPP/xamppfiles/htdocs/rapport/forManufaturers/rapportformanufacturers/framework/db/CDbCommand.php:358
Stack trace:
#0 /Applications/XAMPP/xamppfiles/htdocs/rapport/forManufaturers/rapportformanufacturers/framework/db/ar/CActiveRecord.php(1748): CDbCommand->execute()
#1 /Applications/XAMPP/xamppfiles/htdocs/rapport/forManufaturers/rapportformanufacturers/framework/db/ar/CActiveRecord.php(1124): CActiveRecord->updateByPk('1', Array)
#2 /Applications/XAMPP/xamppfiles/htdocs/rapport/forManufaturers/rapportformanufacturers/framework/db/ar/CActiveRecord.php(806): CActiveRecord->update(NULL)
#3 /Applications/XAMPP/xamppfiles/htdocs/rapport/forManufaturers/rapportformanufacturers/chs/protected/controllers/SetupController.php(109): CActiveRecord->save()
#4 [internal function]: SetupController->actionUpdate('1')
#5 /Applications/XAMPP/xamppfiles/htdocs/rapport/forManufaturers/rapportformanufacturers/framework/web/actions/CAction.php(108): ReflectionMethod->invokeArgs(Object(SetupController), Array)
#6 /Applications/XAMPP/xamppfiles/htdocs/rapport/forManufaturers/rapportformanufacturers/framework/web/actions/CInlineAction.php(47): CAction->runWithParamsInternal(Object(SetupController), Object(ReflectionMethod), Array)
#7 /Applications/XAMPP/xamppfiles/htdocs/rapport/forManufaturers/rapportformanufacturers/framework/web/CController.php(308): CInlineAction->runWithParams(Array)
#8 /Applications/XAMPP/xamppfiles/htdocs/rapport/forManufaturers/rapportformanufacturers/framework/web/filters/CFilterChain.php(133): CController->runAction(Object(CInlineAction))
#9 /Applications/XAMPP/xamppfiles/htdocs/rapport/forManufaturers/rapportformanufacturers/framework/web/filters/CFilter.php(40): CFilterChain->run()
#10 /Applications/XAMPP/xamppfiles/htdocs/rapport/forManufaturers/rapportformanufacturers/chs/protected/modules/rights/components/RController.php(36): CFilter->filter(Object(CFilterChain))
#11 /Applications/XAMPP/xamppfiles/htdocs/rapport/forManufaturers/rapportformanufacturers/framework/web/filters/CInlineFilter.php(58): RController->filterRights(Object(CFilterChain))
#12 /Applications/XAMPP/xamppfiles/htdocs/rapport/forManufaturers/rapportformanufacturers/framework/web/filters/CFilterChain.php(130): CInlineFilter->filter(Object(CFilterChain))
#13 /Applications/XAMPP/xamppfiles/htdocs/rapport/forManufaturers/rapportformanufacturers/framework/web/CController.php(291): CFilterChain->run()
#14 /Applications/XAMPP/xamppfiles/htdocs/rapport/forManufaturers/rapportformanufacturers/framework/web/CController.php(265): CController->runActionWithFilters(Object(CInlineAction), Array)
#15 /Applications/XAMPP/xamppfiles/htdocs/rapport/forManufaturers/rapportformanufacturers/framework/web/CWebApplication.php(282): CController->run('update')
#16 /Applications/XAMPP/xamppfiles/htdocs/rapport/forManufaturers/rapportformanufacturers/framework/web/CWebApplication.php(141): CWebApplication->runController('setup/update/')
#17 /Applications/XAMPP/xamppfiles/htdocs/rapport/forManufaturers/rapportformanufacturers/framework/base/CApplication.php(180): CWebApplication->processRequest()
#18 /Applications/XAMPP/xamppfiles/htdocs/rapport/forManufaturers/rapportformanufacturers/chs/index.php(17): CApplication->run()
#19 {main}
REQUEST_URI=/rapport/forManufaturers/rapportformanufacturers/chs/index.php?r=setup/update/&id=1
HTTP_REFERER=http://192.168.1.150/rapport/forManufaturers/rapportformanufacturers/chs/index.php?r=setup/update/&id=1
---
2016/12/23 16:12:04 [warning] [application] Failed to set unsafe attribute "country_id" of "Setup".
in /Applications/XAMPP/xamppfiles/htdocs/rapport/forManufaturers/rapportformanufacturers/chs/protected/controllers/SetupController.php (98)
in /Applications/XAMPP/xamppfiles/htdocs/rapport/forManufaturers/rapportformanufacturers/chs/protected/modules/rights/components/RController.php (36)
in /Applications/XAMPP/xamppfiles/htdocs/rapport/forManufaturers/rapportformanufacturers/chs/index.php (17)
2016/12/30 13:04:19 [error] [php] Cannot modify header information - headers already sent by (output started at /Applications/XAMPP/xamppfiles/htdocs/rapport/forManufaturers/rapportformanufacturers/chs/protected/modules/gomobile/models/Gmservicecalls.php:270) (/Applications/XAMPP/xamppfiles/htdocs/rapport/forManufaturers/rapportformanufacturers/framework/web/CHttpRequest.php:803)
Stack trace:
#0 /Applications/XAMPP/xamppfiles/htdocs/rapport/forManufaturers/rapportformanufacturers/chs/protected/modules/gomobile/controllers/GmservicecallsController.php(325): GmservicecallsController->redirect()
#1 /Applications/XAMPP/xamppfiles/htdocs/rapport/forManufaturers/rapportformanufacturers/framework/web/actions/CInlineAction.php(49): GmservicecallsController->actionReceiveservicecallfrommobile()
#2 /Applications/XAMPP/xamppfiles/htdocs/rapport/forManufaturers/rapportformanufacturers/framework/web/CController.php(308): CInlineAction->runWithParams()
#3 /Applications/XAMPP/xamppfiles/htdocs/rapport/forManufaturers/rapportformanufacturers/framework/web/filters/CFilterChain.php(133): GmservicecallsController->runAction()
#4 /Applications/XAMPP/xamppfiles/htdocs/rapport/forManufaturers/rapportformanufacturers/framework/web/filters/CFilter.php(40): CFilterChain->run()
#5 /Applications/XAMPP/xamppfiles/htdocs/rapport/forManufaturers/rapportformanufacturers/chs/protected/modules/rights/components/RController.php(36): RightsFilter->filter()
#6 /Applications/XAMPP/xamppfiles/htdocs/rapport/forManufaturers/rapportformanufacturers/framework/web/filters/CInlineFilter.php(58): GmservicecallsController->filterRights()
#7 /Applications/XAMPP/xamppfiles/htdocs/rapport/forManufaturers/rapportformanufacturers/framework/web/filters/CFilterChain.php(130): CInlineFilter->filter()
#8 /Applications/XAMPP/xamppfiles/htdocs/rapport/forManufaturers/rapportformanufacturers/framework/web/CController.php(291): CFilterChain->run()
#9 /Applications/XAMPP/xamppfiles/htdocs/rapport/forManufaturers/rapportformanufacturers/framework/web/CController.php(265): GmservicecallsController->runActionWithFilters()
#10 /Applications/XAMPP/xamppfiles/htdocs/rapport/forManufaturers/rapportformanufacturers/framework/web/CWebApplication.php(282): GmservicecallsController->run()
#11 /Applications/XAMPP/xamppfiles/htdocs/rapport/forManufaturers/rapportformanufacturers/framework/web/CWebApplication.php(141): CWebApplication->runController()
#12 /Applications/XAMPP/xamppfiles/htdocs/rapport/forManufaturers/rapportformanufacturers/framework/base/CApplication.php(180): CWebApplication->processRequest()
#13 /Applications/XAMPP/xamppfiles/htdocs/rapport/forManufaturers/rapportformanufacturers/chs/index.php(17): CWebApplication->run()
REQUEST_URI=/rapport/forManufaturers/rapportformanufacturers/chs/index.php?r=gomobile/gmservicecalls/receiveservicecallfrommobile
in /Applications/XAMPP/xamppfiles/htdocs/rapport/forManufaturers/rapportformanufacturers/chs/protected/modules/gomobile/controllers/GmservicecallsController.php (325)
in /Applications/XAMPP/xamppfiles/htdocs/rapport/forManufaturers/rapportformanufacturers/chs/protected/modules/rights/components/RController.php (36)
in /Applications/XAMPP/xamppfiles/htdocs/rapport/forManufaturers/rapportformanufacturers/chs/index.php (17)
2016/12/30 13:49:57 [error] [exception.CDbException] exception 'CDbException' with message 'Table "job_status" does not have a column named "keyword".' in /Applications/XAMPP/xamppfiles/htdocs/rapport/forManufaturers/rapportformanufacturers/framework/db/schema/CDbCommandBuilder.php:694
Stack trace:
#0 /Applications/XAMPP/xamppfiles/htdocs/rapport/forManufaturers/rapportformanufacturers/framework/db/ar/CActiveRecord.php(1518): CDbCommandBuilder->createColumnCriteria(Object(CDbTableSchema), Array, '', Array, ''t'.')
#1 /Applications/XAMPP/xamppfiles/htdocs/rapport/forManufaturers/rapportformanufacturers/chs/protected/models/JobStatus.php(291): CActiveRecord->findByAttributes(Array)
#2 /Applications/XAMPP/xamppfiles/htdocs/rapport/forManufaturers/rapportformanufacturers/chs/protected/modules/gomobile/controllers/GmservicecallsController.php(365): JobStatus->get_status_id_by_keyword('APPROVED')
#3 /Applications/XAMPP/xamppfiles/htdocs/rapport/forManufaturers/rapportformanufacturers/framework/web/actions/CInlineAction.php(49): GmservicecallsController->actionApprovetheclaim()
#4 /Applications/XAMPP/xamppfiles/htdocs/rapport/forManufaturers/rapportformanufacturers/framework/web/CController.php(308): CInlineAction->runWithParams(Array)
#5 /Applications/XAMPP/xamppfiles/htdocs/rapport/forManufaturers/rapportformanufacturers/framework/web/filters/CFilterChain.php(133): CController->runAction(Object(CInlineAction))
#6 /Applications/XAMPP/xamppfiles/htdocs/rapport/forManufaturers/rapportformanufacturers/framework/web/filters/CFilter.php(40): CFilterChain->run()
#7 /Applications/XAMPP/xamppfiles/htdocs/rapport/forManufaturers/rapportformanufacturers/chs/protected/modules/rights/components/RController.php(36): CFilter->filter(Object(CFilterChain))
#8 /Applications/XAMPP/xamppfiles/htdocs/rapport/forManufaturers/rapportformanufacturers/framework/web/filters/CInlineFilter.php(58): RController->filterRights(Object(CFilterChain))
#9 /Applications/XAMPP/xamppfiles/htdocs/rapport/forManufaturers/rapportformanufacturers/framework/web/filters/CFilterChain.php(130): CInlineFilter->filter(Object(CFilterChain))
#10 /Applications/XAMPP/xamppfiles/htdocs/rapport/forManufaturers/rapportformanufacturers/framework/web/CController.php(291): CFilterChain->run()
#11 /Applications/XAMPP/xamppfiles/htdocs/rapport/forManufaturers/rapportformanufacturers/framework/web/CController.php(265): CController->runActionWithFilters(Object(CInlineAction), Array)
#12 /Applications/XAMPP/xamppfiles/htdocs/rapport/forManufaturers/rapportformanufacturers/framework/web/CWebApplication.php(282): CController->run('approvetheclaim')
#13 /Applications/XAMPP/xamppfiles/htdocs/rapport/forManufaturers/rapportformanufacturers/framework/web/CWebApplication.php(141): CWebApplication->runController('gomobile/gmserv...')
#14 /Applications/XAMPP/xamppfiles/htdocs/rapport/forManufaturers/rapportformanufacturers/framework/base/CApplication.php(180): CWebApplication->processRequest()
#15 /Applications/XAMPP/xamppfiles/htdocs/rapport/forManufaturers/rapportformanufacturers/chs/index.php(17): CApplication->run()
#16 {main}
REQUEST_URI=/rapport/forManufaturers/rapportformanufacturers/chs/index.php?r=gomobile/gmservicecalls/approvetheclaim
HTTP_REFERER=http://192.168.1.150/rapport/forManufaturers/rapportformanufacturers/chs/index.php?r=servicecall/view&id=39466
---
2016/12/30 13:51:40 [error] [php] date() expects parameter 2 to be long, string given (/Applications/XAMPP/xamppfiles/htdocs/rapport/forManufaturers/rapportformanufacturers/chs/protected/modules/gomobile/models/Gmservicecalls.php:396)
Stack trace:
#0 /Applications/XAMPP/xamppfiles/htdocs/rapport/forManufaturers/rapportformanufacturers/framework/web/actions/CInlineAction.php(49): GmservicecallsController->actionApprovetheclaim()
#1 /Applications/XAMPP/xamppfiles/htdocs/rapport/forManufaturers/rapportformanufacturers/framework/web/CController.php(308): CInlineAction->runWithParams()
#2 /Applications/XAMPP/xamppfiles/htdocs/rapport/forManufaturers/rapportformanufacturers/framework/web/filters/CFilterChain.php(133): GmservicecallsController->runAction()
#3 /Applications/XAMPP/xamppfiles/htdocs/rapport/forManufaturers/rapportformanufacturers/framework/web/filters/CFilter.php(40): CFilterChain->run()
#4 /Applications/XAMPP/xamppfiles/htdocs/rapport/forManufaturers/rapportformanufacturers/chs/protected/modules/rights/components/RController.php(36): RightsFilter->filter()
#5 /Applications/XAMPP/xamppfiles/htdocs/rapport/forManufaturers/rapportformanufacturers/framework/web/filters/CInlineFilter.php(58): GmservicecallsController->filterRights()
#6 /Applications/XAMPP/xamppfiles/htdocs/rapport/forManufaturers/rapportformanufacturers/framework/web/filters/CFilterChain.php(130): CInlineFilter->filter()
#7 /Applications/XAMPP/xamppfiles/htdocs/rapport/forManufaturers/rapportformanufacturers/framework/web/CController.php(291): CFilterChain->run()
#8 /Applications/XAMPP/xamppfiles/htdocs/rapport/forManufaturers/rapportformanufacturers/framework/web/CController.php(265): GmservicecallsController->runActionWithFilters()
#9 /Applications/XAMPP/xamppfiles/htdocs/rapport/forManufaturers/rapportformanufacturers/framework/web/CWebApplication.php(282): GmservicecallsController->run()
#10 /Applications/XAMPP/xamppfiles/htdocs/rapport/forManufaturers/rapportformanufacturers/framework/web/CWebApplication.php(141): CWebApplication->runController()
#11 /Applications/XAMPP/xamppfiles/htdocs/rapport/forManufaturers/rapportformanufacturers/framework/base/CApplication.php(180): CWebApplication->processRequest()
#12 /Applications/XAMPP/xamppfiles/htdocs/rapport/forManufaturers/rapportformanufacturers/chs/index.php(17): CWebApplication->run()
REQUEST_URI=/rapport/forManufaturers/rapportformanufacturers/chs/index.php?r=gomobile/gmservicecalls/approvetheclaim
in /Applications/XAMPP/xamppfiles/htdocs/rapport/forManufaturers/rapportformanufacturers/chs/protected/modules/gomobile/models/Gmservicecalls.php (396)
in /Applications/XAMPP/xamppfiles/htdocs/rapport/forManufaturers/rapportformanufacturers/chs/protected/modules/gomobile/controllers/GmservicecallsController.php (374)
in /Applications/XAMPP/xamppfiles/htdocs/rapport/forManufaturers/rapportformanufacturers/chs/protected/modules/rights/components/RController.php (36)
2016/12/30 13:52:06 [error] [php] Trying to get property of non-object (/Applications/XAMPP/xamppfiles/htdocs/rapport/forManufaturers/rapportformanufacturers/chs/protected/views/servicecall/view.php:174)
Stack trace:
#0 /Applications/XAMPP/xamppfiles/htdocs/rapport/forManufaturers/rapportformanufacturers/framework/web/CController.php(869): ServicecallController->renderFile()
#1 /Applications/XAMPP/xamppfiles/htdocs/rapport/forManufaturers/rapportformanufacturers/framework/web/CController.php(782): ServicecallController->renderPartial()
#2 /Applications/XAMPP/xamppfiles/htdocs/rapport/forManufaturers/rapportformanufacturers/chs/protected/controllers/ServicecallController.php(58): ServicecallController->render()
#3 unknown(0): ServicecallController->actionView()
#4 /Applications/XAMPP/xamppfiles/htdocs/rapport/forManufaturers/rapportformanufacturers/framework/web/actions/CAction.php(108): ReflectionMethod->invokeArgs()
#5 /Applications/XAMPP/xamppfiles/htdocs/rapport/forManufaturers/rapportformanufacturers/framework/web/actions/CInlineAction.php(47): CInlineAction->runWithParamsInternal()
#6 /Applications/XAMPP/xamppfiles/htdocs/rapport/forManufaturers/rapportformanufacturers/framework/web/CController.php(308): CInlineAction->runWithParams()
#7 /Applications/XAMPP/xamppfiles/htdocs/rapport/forManufaturers/rapportformanufacturers/framework/web/filters/CFilterChain.php(133): ServicecallController->runAction()
#8 /Applications/XAMPP/xamppfiles/htdocs/rapport/forManufaturers/rapportformanufacturers/framework/web/filters/CFilter.php(40): CFilterChain->run()
#9 /Applications/XAMPP/xamppfiles/htdocs/rapport/forManufaturers/rapportformanufacturers/chs/protected/modules/rights/components/RController.php(36): RightsFilter->filter()
#10 /Applications/XAMPP/xamppfiles/htdocs/rapport/forManufaturers/rapportformanufacturers/framework/web/filters/CInlineFilter.php(58): ServicecallController->filterRights()
#11 /Applications/XAMPP/xamppfiles/htdocs/rapport/forManufaturers/rapportformanufacturers/framework/web/filters/CFilterChain.php(130): CInlineFilter->filter()
#12 /Applications/XAMPP/xamppfiles/htdocs/rapport/forManufaturers/rapportformanufacturers/framework/web/CController.php(291): CFilterChain->run()
#13 /Applications/XAMPP/xamppfiles/htdocs/rapport/forManufaturers/rapportformanufacturers/framework/web/CController.php(265): ServicecallController->runActionWithFilters()
#14 /Applications/XAMPP/xamppfiles/htdocs/rapport/forManufaturers/rapportformanufacturers/framework/web/CWebApplication.php(282): ServicecallController->run()
#15 /Applications/XAMPP/xamppfiles/htdocs/rapport/forManufaturers/rapportformanufacturers/framework/web/CWebApplication.php(141): CWebApplication->runController()
#16 /Applications/XAMPP/xamppfiles/htdocs/rapport/forManufaturers/rapportformanufacturers/framework/base/CApplication.php(180): CWebApplication->processRequest()
#17 /Applications/XAMPP/xamppfiles/htdocs/rapport/forManufaturers/rapportformanufacturers/chs/index.php(17): CWebApplication->run()
REQUEST_URI=/rapport/forManufaturers/rapportformanufacturers/chs/index.php?r=servicecall/view&id=39466
in /Applications/XAMPP/xamppfiles/htdocs/rapport/forManufaturers/rapportformanufacturers/chs/protected/views/servicecall/view.php (174)
in /Applications/XAMPP/xamppfiles/htdocs/rapport/forManufaturers/rapportformanufacturers/chs/protected/controllers/ServicecallController.php (58)
in /Applications/XAMPP/xamppfiles/htdocs/rapport/forManufaturers/rapportformanufacturers/chs/protected/modules/rights/components/RController.php (36)
2016/12/30 13:52:08 [error] [php] Trying to get property of non-object (/Applications/XAMPP/xamppfiles/htdocs/rapport/forManufaturers/rapportformanufacturers/framework/base/CComponent.php(612) : eval()'d code:1)
Stack trace:
#0 /Applications/XAMPP/xamppfiles/htdocs/rapport/forManufaturers/rapportformanufacturers/framework/zii/widgets/grid/CGridColumn.php(151): CDataColumn->renderDataCellContent()
#1 /Applications/XAMPP/xamppfiles/htdocs/rapport/forManufaturers/rapportformanufacturers/framework/zii/widgets/grid/CGridView.php(616): CDataColumn->renderDataCell()
#2 /Applications/XAMPP/xamppfiles/htdocs/rapport/forManufaturers/rapportformanufacturers/framework/zii/widgets/grid/CGridView.php(572): CGridView->renderTableRow()
#3 /Applications/XAMPP/xamppfiles/htdocs/rapport/forManufaturers/rapportformanufacturers/framework/zii/widgets/grid/CGridView.php(482): CGridView->renderTableBody()
#4 /Applications/XAMPP/xamppfiles/htdocs/rapport/forManufaturers/rapportformanufacturers/framework/zii/widgets/CBaseListView.php(167): CGridView->renderItems()
#5 unknown(0): CGridView->renderSection()
#6 /Applications/XAMPP/xamppfiles/htdocs/rapport/forManufaturers/rapportformanufacturers/framework/zii/widgets/CBaseListView.php(150): preg_replace_callback()
#7 /Applications/XAMPP/xamppfiles/htdocs/rapport/forManufaturers/rapportformanufacturers/framework/zii/widgets/CBaseListView.php(135): CGridView->renderContent()
#8 /Applications/XAMPP/xamppfiles/htdocs/rapport/forManufaturers/rapportformanufacturers/framework/web/CBaseController.php(173): CGridView->run()
#9 /Applications/XAMPP/xamppfiles/htdocs/rapport/forManufaturers/rapportformanufacturers/chs/protected/modules/gomobile/views/gmservicecalls/admin.php(158): GmservicecallsController->widget()
#10 /Applications/XAMPP/xamppfiles/htdocs/rapport/forManufaturers/rapportformanufacturers/framework/web/CBaseController.php(126): require()
#11 /Applications/XAMPP/xamppfiles/htdocs/rapport/forManufaturers/rapportformanufacturers/framework/web/CBaseController.php(95): GmservicecallsController->renderInternal()
#12 /Applications/XAMPP/xamppfiles/htdocs/rapport/forManufaturers/rapportformanufacturers/framework/web/CController.php(869): GmservicecallsController->renderFile()
#13 /Applications/XAMPP/xamppfiles/htdocs/rapport/forManufaturers/rapportformanufacturers/framework/web/CController.php(782): GmservicecallsController->renderPartial()
#14 /Applications/XAMPP/xamppfiles/htdocs/rapport/forManufaturers/rapportformanufacturers/chs/protected/modules/gomobile/controllers/GmservicecallsController.php(166): GmservicecallsController->render()
#15 /Applications/XAMPP/xamppfiles/htdocs/rapport/forManufaturers/rapportformanufacturers/framework/web/actions/CInlineAction.php(49): GmservicecallsController->actionAdmin()
#16 /Applications/XAMPP/xamppfiles/htdocs/rapport/forManufaturers/rapportformanufacturers/framework/web/CController.php(308): CInlineAction->runWithParams()
#17 /Applications/XAMPP/xamppfiles/htdocs/rapport/forManufaturers/rapportformanufacturers/framework/web/filters/CFilterChain.php(133): GmservicecallsController->runAction()
#18 /Applications/XAMPP/xamppfiles/htdocs/rapport/forManufaturers/rapportformanufacturers/framework/web/filters/CFilter.php(40): CFilterChain->run()
#19 /Applications/XAMPP/xamppfiles/htdocs/rapport/forManufaturers/rapportformanufacturers/chs/protected/modules/rights/components/RController.php(36): RightsFilter->filter()
#20 /Applications/XAMPP/xamppfiles/htdocs/rapport/forManufaturers/rapportformanufacturers/framework/web/filters/CInlineFilter.php(58): GmservicecallsController->filterRights()
#21 /Applications/XAMPP/xamppfiles/htdocs/rapport/forManufaturers/rapportformanufacturers/framework/web/filters/CFilterChain.php(130): CInlineFilter->filter()
#22 /Applications/XAMPP/xamppfiles/htdocs/rapport/forManufaturers/rapportformanufacturers/framework/web/CController.php(291): CFilterChain->run()
#23 /Applications/XAMPP/xamppfiles/htdocs/rapport/forManufaturers/rapportformanufacturers/framework/web/CController.php(265): GmservicecallsController->runActionWithFilters()
#24 /Applications/XAMPP/xamppfiles/htdocs/rapport/forManufaturers/rapportformanufacturers/framework/web/CWebApplication.php(282): GmservicecallsController->run()
#25 /Applications/XAMPP/xamppfiles/htdocs/rapport/forManufaturers/rapportformanufacturers/framework/web/CWebApplication.php(141): CWebApplication->runController()
#26 /Applications/XAMPP/xamppfiles/htdocs/rapport/forManufaturers/rapportformanufacturers/framework/base/CApplication.php(180): CWebApplication->processRequest()
#27 /Applications/XAMPP/xamppfiles/htdocs/rapport/forManufaturers/rapportformanufacturers/chs/index.php(17): CWebApplication->run()
REQUEST_URI=/rapport/forManufaturers/rapportformanufacturers/chs/index.php?r=gomobile/gmservicecalls/admin
in /Applications/XAMPP/xamppfiles/htdocs/rapport/forManufaturers/rapportformanufacturers/chs/protected/modules/gomobile/views/gmservicecalls/admin.php (158)
in /Applications/XAMPP/xamppfiles/htdocs/rapport/forManufaturers/rapportformanufacturers/chs/protected/modules/gomobile/controllers/GmservicecallsController.php (166)
in /Applications/XAMPP/xamppfiles/htdocs/rapport/forManufaturers/rapportformanufacturers/chs/protected/modules/rights/components/RController.php (36)
2016/12/30 13:52:15 [error] [php] Trying to get property of non-object (/Applications/XAMPP/xamppfiles/htdocs/rapport/forManufaturers/rapportformanufacturers/framework/base/CComponent.php(612) : eval()'d code:1)
Stack trace:
#0 /Applications/XAMPP/xamppfiles/htdocs/rapport/forManufaturers/rapportformanufacturers/framework/zii/widgets/grid/CGridColumn.php(151): CDataColumn->renderDataCellContent()
#1 /Applications/XAMPP/xamppfiles/htdocs/rapport/forManufaturers/rapportformanufacturers/framework/zii/widgets/grid/CGridView.php(616): CDataColumn->renderDataCell()
#2 /Applications/XAMPP/xamppfiles/htdocs/rapport/forManufaturers/rapportformanufacturers/framework/zii/widgets/grid/CGridView.php(572): CGridView->renderTableRow()
#3 /Applications/XAMPP/xamppfiles/htdocs/rapport/forManufaturers/rapportformanufacturers/framework/zii/widgets/grid/CGridView.php(482): CGridView->renderTableBody()
#4 /Applications/XAMPP/xamppfiles/htdocs/rapport/forManufaturers/rapportformanufacturers/framework/zii/widgets/CBaseListView.php(167): CGridView->renderItems()
#5 unknown(0): CGridView->renderSection()
#6 /Applications/XAMPP/xamppfiles/htdocs/rapport/forManufaturers/rapportformanufacturers/framework/zii/widgets/CBaseListView.php(150): preg_replace_callback()
#7 /Applications/XAMPP/xamppfiles/htdocs/rapport/forManufaturers/rapportformanufacturers/framework/zii/widgets/CBaseListView.php(135): CGridView->renderContent()
#8 /Applications/XAMPP/xamppfiles/htdocs/rapport/forManufaturers/rapportformanufacturers/framework/web/CBaseController.php(173): CGridView->run()
#9 /Applications/XAMPP/xamppfiles/htdocs/rapport/forManufaturers/rapportformanufacturers/chs/protected/views/servicecall/admin.php(217): ServicecallController->widget()
#10 /Applications/XAMPP/xamppfiles/htdocs/rapport/forManufaturers/rapportformanufacturers/framework/web/CBaseController.php(126): require()
#11 /Applications/XAMPP/xamppfiles/htdocs/rapport/forManufaturers/rapportformanufacturers/framework/web/CBaseController.php(95): ServicecallController->renderInternal()
#12 /Applications/XAMPP/xamppfiles/htdocs/rapport/forManufaturers/rapportformanufacturers/framework/web/CController.php(869): ServicecallController->renderFile()
#13 /Applications/XAMPP/xamppfiles/htdocs/rapport/forManufaturers/rapportformanufacturers/framework/web/CController.php(782): ServicecallController->renderPartial()
#14 /Applications/XAMPP/xamppfiles/htdocs/rapport/forManufaturers/rapportformanufacturers/chs/protected/controllers/ServicecallController.php(555): ServicecallController->render()
#15 /Applications/XAMPP/xamppfiles/htdocs/rapport/forManufaturers/rapportformanufacturers/framework/web/actions/CInlineAction.php(49): ServicecallController->actionAdmin()
#16 /Applications/XAMPP/xamppfiles/htdocs/rapport/forManufaturers/rapportformanufacturers/framework/web/CController.php(308): CInlineAction->runWithParams()
#17 /Applications/XAMPP/xamppfiles/htdocs/rapport/forManufaturers/rapportformanufacturers/framework/web/filters/CFilterChain.php(133): ServicecallController->runAction()
#18 /Applications/XAMPP/xamppfiles/htdocs/rapport/forManufaturers/rapportformanufacturers/framework/web/filters/CFilter.php(40): CFilterChain->run()
#19 /Applications/XAMPP/xamppfiles/htdocs/rapport/forManufaturers/rapportformanufacturers/chs/protected/modules/rights/components/RController.php(36): RightsFilter->filter()
#20 /Applications/XAMPP/xamppfiles/htdocs/rapport/forManufaturers/rapportformanufacturers/framework/web/filters/CInlineFilter.php(58): ServicecallController->filterRights()
#21 /Applications/XAMPP/xamppfiles/htdocs/rapport/forManufaturers/rapportformanufacturers/framework/web/filters/CFilterChain.php(130): CInlineFilter->filter()
#22 /Applications/XAMPP/xamppfiles/htdocs/rapport/forManufaturers/rapportformanufacturers/framework/web/CController.php(291): CFilterChain->run()
#23 /Applications/XAMPP/xamppfiles/htdocs/rapport/forManufaturers/rapportformanufacturers/framework/web/CController.php(265): ServicecallController->runActionWithFilters()
#24 /Applications/XAMPP/xamppfiles/htdocs/rapport/forManufaturers/rapportformanufacturers/framework/web/CWebApplication.php(282): ServicecallController->run()
#25 /Applications/XAMPP/xamppfiles/htdocs/rapport/forManufaturers/rapportformanufacturers/framework/web/CWebApplication.php(141): CWebApplication->runController()
#26 /Applications/XAMPP/xamppfiles/htdocs/rapport/forManufaturers/rapportformanufacturers/framework/base/CApplication.php(180): CWebApplication->processRequest()
#27 /Applications/XAMPP/xamppfiles/htdocs/rapport/forManufaturers/rapportformanufacturers/chs/index.php(17): CWebApplication->run()
REQUEST_URI=/rapport/forManufaturers/rapportformanufacturers/chs/
in /Applications/XAMPP/xamppfiles/htdocs/rapport/forManufaturers/rapportformanufacturers/chs/protected/views/servicecall/admin.php (217)
in /Applications/XAMPP/xamppfiles/htdocs/rapport/forManufaturers/rapportformanufacturers/chs/protected/controllers/ServicecallController.php (555)
in /Applications/XAMPP/xamppfiles/htdocs/rapport/forManufaturers/rapportformanufacturers/chs/protected/modules/rights/components/RController.php (36)
2016/12/30 13:52:57 [error] [php] Trying to get property of non-object (/Applications/XAMPP/xamppfiles/htdocs/rapport/forManufaturers/rapportformanufacturers/framework/base/CComponent.php(612) : eval()'d code:1)
Stack trace:
#0 /Applications/XAMPP/xamppfiles/htdocs/rapport/forManufaturers/rapportformanufacturers/framework/zii/widgets/grid/CGridColumn.php(151): CDataColumn->renderDataCellContent()
#1 /Applications/XAMPP/xamppfiles/htdocs/rapport/forManufaturers/rapportformanufacturers/framework/zii/widgets/grid/CGridView.php(616): CDataColumn->renderDataCell()
#2 /Applications/XAMPP/xamppfiles/htdocs/rapport/forManufaturers/rapportformanufacturers/framework/zii/widgets/grid/CGridView.php(572): CGridView->renderTableRow()
#3 /Applications/XAMPP/xamppfiles/htdocs/rapport/forManufaturers/rapportformanufacturers/framework/zii/widgets/grid/CGridView.php(482): CGridView->renderTableBody()
#4 /Applications/XAMPP/xamppfiles/htdocs/rapport/forManufaturers/rapportformanufacturers/framework/zii/widgets/CBaseListView.php(167): CGridView->renderItems()
#5 unknown(0): CGridView->renderSection()
#6 /Applications/XAMPP/xamppfiles/htdocs/rapport/forManufaturers/rapportformanufacturers/framework/zii/widgets/CBaseListView.php(150): preg_replace_callback()
#7 /Applications/XAMPP/xamppfiles/htdocs/rapport/forManufaturers/rapportformanufacturers/framework/zii/widgets/CBaseListView.php(135): CGridView->renderContent()
#8 /Applications/XAMPP/xamppfiles/htdocs/rapport/forManufaturers/rapportformanufacturers/framework/web/CBaseController.php(173): CGridView->run()
#9 /Applications/XAMPP/xamppfiles/htdocs/rapport/forManufaturers/rapportformanufacturers/chs/protected/views/servicecall/admin.php(217): ServicecallController->widget()
#10 /Applications/XAMPP/xamppfiles/htdocs/rapport/forManufaturers/rapportformanufacturers/framework/web/CBaseController.php(126): require()
#11 /Applications/XAMPP/xamppfiles/htdocs/rapport/forManufaturers/rapportformanufacturers/framework/web/CBaseController.php(95): ServicecallController->renderInternal()
#12 /Applications/XAMPP/xamppfiles/htdocs/rapport/forManufaturers/rapportformanufacturers/framework/web/CController.php(869): ServicecallController->renderFile()
#13 /Applications/XAMPP/xamppfiles/htdocs/rapport/forManufaturers/rapportformanufacturers/framework/web/CController.php(782): ServicecallController->renderPartial()
#14 /Applications/XAMPP/xamppfiles/htdocs/rapport/forManufaturers/rapportformanufacturers/chs/protected/controllers/ServicecallController.php(555): ServicecallController->render()
#15 /Applications/XAMPP/xamppfiles/htdocs/rapport/forManufaturers/rapportformanufacturers/framework/web/actions/CInlineAction.php(49): ServicecallController->actionAdmin()
#16 /Applications/XAMPP/xamppfiles/htdocs/rapport/forManufaturers/rapportformanufacturers/framework/web/CController.php(308): CInlineAction->runWithParams()
#17 /Applications/XAMPP/xamppfiles/htdocs/rapport/forManufaturers/rapportformanufacturers/framework/web/filters/CFilterChain.php(133): ServicecallController->runAction()
#18 /Applications/XAMPP/xamppfiles/htdocs/rapport/forManufaturers/rapportformanufacturers/framework/web/filters/CFilter.php(40): CFilterChain->run()
#19 /Applications/XAMPP/xamppfiles/htdocs/rapport/forManufaturers/rapportformanufacturers/chs/protected/modules/rights/components/RController.php(36): RightsFilter->filter()
#20 /Applications/XAMPP/xamppfiles/htdocs/rapport/forManufaturers/rapportformanufacturers/framework/web/filters/CInlineFilter.php(58): ServicecallController->filterRights()
#21 /Applications/XAMPP/xamppfiles/htdocs/rapport/forManufaturers/rapportformanufacturers/framework/web/filters/CFilterChain.php(130): CInlineFilter->filter()
#22 /Applications/XAMPP/xamppfiles/htdocs/rapport/forManufaturers/rapportformanufacturers/framework/web/CController.php(291): CFilterChain->run()
#23 /Applications/XAMPP/xamppfiles/htdocs/rapport/forManufaturers/rapportformanufacturers/framework/web/CController.php(265): ServicecallController->runActionWithFilters()
#24 /Applications/XAMPP/xamppfiles/htdocs/rapport/forManufaturers/rapportformanufacturers/framework/web/CWebApplication.php(282): ServicecallController->run()
#25 /Applications/XAMPP/xamppfiles/htdocs/rapport/forManufaturers/rapportformanufacturers/framework/web/CWebApplication.php(141): CWebApplication->runController()
#26 /Applications/XAMPP/xamppfiles/htdocs/rapport/forManufaturers/rapportformanufacturers/framework/base/CApplication.php(180): CWebApplication->processRequest()
#27 /Applications/XAMPP/xamppfiles/htdocs/rapport/forManufaturers/rapportformanufacturers/chs/index.php(17): CWebApplication->run()
REQUEST_URI=/rapport/forManufaturers/rapportformanufacturers/chs/
in /Applications/XAMPP/xamppfiles/htdocs/rapport/forManufaturers/rapportformanufacturers/chs/protected/views/servicecall/admin.php (217)
in /Applications/XAMPP/xamppfiles/htdocs/rapport/forManufaturers/rapportformanufacturers/chs/protected/controllers/ServicecallController.php (555)
in /Applications/XAMPP/xamppfiles/htdocs/rapport/forManufaturers/rapportformanufacturers/chs/protected/modules/rights/components/RController.php (36)
2016/12/30 13:53:02 [error] [php] Trying to get property of non-object (/Applications/XAMPP/xamppfiles/htdocs/rapport/forManufaturers/rapportformanufacturers/framework/base/CComponent.php(612) : eval()'d code:1)
Stack trace:
#0 /Applications/XAMPP/xamppfiles/htdocs/rapport/forManufaturers/rapportformanufacturers/framework/zii/widgets/grid/CGridColumn.php(151): CDataColumn->renderDataCellContent()
#1 /Applications/XAMPP/xamppfiles/htdocs/rapport/forManufaturers/rapportformanufacturers/framework/zii/widgets/grid/CGridView.php(616): CDataColumn->renderDataCell()
#2 /Applications/XAMPP/xamppfiles/htdocs/rapport/forManufaturers/rapportformanufacturers/framework/zii/widgets/grid/CGridView.php(572): CGridView->renderTableRow()
#3 /Applications/XAMPP/xamppfiles/htdocs/rapport/forManufaturers/rapportformanufacturers/framework/zii/widgets/grid/CGridView.php(482): CGridView->renderTableBody()
#4 /Applications/XAMPP/xamppfiles/htdocs/rapport/forManufaturers/rapportformanufacturers/framework/zii/widgets/CBaseListView.php(167): CGridView->renderItems()
#5 unknown(0): CGridView->renderSection()
#6 /Applications/XAMPP/xamppfiles/htdocs/rapport/forManufaturers/rapportformanufacturers/framework/zii/widgets/CBaseListView.php(150): preg_replace_callback()
#7 /Applications/XAMPP/xamppfiles/htdocs/rapport/forManufaturers/rapportformanufacturers/framework/zii/widgets/CBaseListView.php(135): CGridView->renderContent()
#8 /Applications/XAMPP/xamppfiles/htdocs/rapport/forManufaturers/rapportformanufacturers/framework/web/CBaseController.php(173): CGridView->run()
#9 /Applications/XAMPP/xamppfiles/htdocs/rapport/forManufaturers/rapportformanufacturers/chs/protected/views/servicecall/admin.php(217): ServicecallController->widget()
#10 /Applications/XAMPP/xamppfiles/htdocs/rapport/forManufaturers/rapportformanufacturers/framework/web/CBaseController.php(126): require()
#11 /Applications/XAMPP/xamppfiles/htdocs/rapport/forManufaturers/rapportformanufacturers/framework/web/CBaseController.php(95): ServicecallController->renderInternal()
#12 /Applications/XAMPP/xamppfiles/htdocs/rapport/forManufaturers/rapportformanufacturers/framework/web/CController.php(869): ServicecallController->renderFile()
#13 /Applications/XAMPP/xamppfiles/htdocs/rapport/forManufaturers/rapportformanufacturers/framework/web/CController.php(782): ServicecallController->renderPartial()
#14 /Applications/XAMPP/xamppfiles/htdocs/rapport/forManufaturers/rapportformanufacturers/chs/protected/controllers/ServicecallController.php(555): ServicecallController->render()
#15 /Applications/XAMPP/xamppfiles/htdocs/rapport/forManufaturers/rapportformanufacturers/framework/web/actions/CInlineAction.php(49): ServicecallController->actionAdmin()
#16 /Applications/XAMPP/xamppfiles/htdocs/rapport/forManufaturers/rapportformanufacturers/framework/web/CController.php(308): CInlineAction->runWithParams()
#17 /Applications/XAMPP/xamppfiles/htdocs/rapport/forManufaturers/rapportformanufacturers/framework/web/filters/CFilterChain.php(133): ServicecallController->runAction()
#18 /Applications/XAMPP/xamppfiles/htdocs/rapport/forManufaturers/rapportformanufacturers/framework/web/filters/CFilter.php(40): CFilterChain->run()
#19 /Applications/XAMPP/xamppfiles/htdocs/rapport/forManufaturers/rapportformanufacturers/chs/protected/modules/rights/components/RController.php(36): RightsFilter->filter()
#20 /Applications/XAMPP/xamppfiles/htdocs/rapport/forManufaturers/rapportformanufacturers/framework/web/filters/CInlineFilter.php(58): ServicecallController->filterRights()
#21 /Applications/XAMPP/xamppfiles/htdocs/rapport/forManufaturers/rapportformanufacturers/framework/web/filters/CFilterChain.php(130): CInlineFilter->filter()
#22 /Applications/XAMPP/xamppfiles/htdocs/rapport/forManufaturers/rapportformanufacturers/framework/web/CController.php(291): CFilterChain->run()
#23 /Applications/XAMPP/xamppfiles/htdocs/rapport/forManufaturers/rapportformanufacturers/framework/web/CController.php(265): ServicecallController->runActionWithFilters()
#24 /Applications/XAMPP/xamppfiles/htdocs/rapport/forManufaturers/rapportformanufacturers/framework/web/CWebApplication.php(282): ServicecallController->run()
#25 /Applications/XAMPP/xamppfiles/htdocs/rapport/forManufaturers/rapportformanufacturers/framework/web/CWebApplication.php(141): CWebApplication->runController()
#26 /Applications/XAMPP/xamppfiles/htdocs/rapport/forManufaturers/rapportformanufacturers/framework/base/CApplication.php(180): CWebApplication->processRequest()
#27 /Applications/XAMPP/xamppfiles/htdocs/rapport/forManufaturers/rapportformanufacturers/chs/index.php(17): CWebApplication->run()
REQUEST_URI=/rapport/forManufaturers/rapportformanufacturers/chs/
in /Applications/XAMPP/xamppfiles/htdocs/rapport/forManufaturers/rapportformanufacturers/chs/protected/views/servicecall/admin.php (217)
in /Applications/XAMPP/xamppfiles/htdocs/rapport/forManufaturers/rapportformanufacturers/chs/protected/controllers/ServicecallController.php (555)
in /Applications/XAMPP/xamppfiles/htdocs/rapport/forManufaturers/rapportformanufacturers/chs/protected/modules/rights/components/RController.php (36)
2016/12/30 13:53:09 [error] [exception.CHttpException.400] exception 'CHttpException' with message 'Your request is invalid.' in /Applications/XAMPP/xamppfiles/htdocs/rapport/forManufaturers/rapportformanufacturers/framework/web/CController.php:336
Stack trace:
#0 /Applications/XAMPP/xamppfiles/htdocs/rapport/forManufaturers/rapportformanufacturers/framework/web/CController.php(309): CController->invalidActionParams(Object(CInlineAction))
#1 /Applications/XAMPP/xamppfiles/htdocs/rapport/forManufaturers/rapportformanufacturers/framework/web/filters/CFilterChain.php(133): CController->runAction(Object(CInlineAction))
#2 /Applications/XAMPP/xamppfiles/htdocs/rapport/forManufaturers/rapportformanufacturers/framework/web/filters/CFilter.php(40): CFilterChain->run()
#3 /Applications/XAMPP/xamppfiles/htdocs/rapport/forManufaturers/rapportformanufacturers/chs/protected/modules/rights/components/RController.php(36): CFilter->filter(Object(CFilterChain))
#4 /Applications/XAMPP/xamppfiles/htdocs/rapport/forManufaturers/rapportformanufacturers/framework/web/filters/CInlineFilter.php(58): RController->filterRights(Object(CFilterChain))
#5 /Applications/XAMPP/xamppfiles/htdocs/rapport/forManufaturers/rapportformanufacturers/framework/web/filters/CFilterChain.php(130): CInlineFilter->filter(Object(CFilterChain))
#6 /Applications/XAMPP/xamppfiles/htdocs/rapport/forManufaturers/rapportformanufacturers/framework/web/CController.php(291): CFilterChain->run()
#7 /Applications/XAMPP/xamppfiles/htdocs/rapport/forManufaturers/rapportformanufacturers/framework/web/CController.php(265): CController->runActionWithFilters(Object(CInlineAction), Array)
#8 /Applications/XAMPP/xamppfiles/htdocs/rapport/forManufaturers/rapportformanufacturers/framework/web/CWebApplication.php(282): CController->run('view')
#9 /Applications/XAMPP/xamppfiles/htdocs/rapport/forManufaturers/rapportformanufacturers/framework/web/CWebApplication.php(141): CWebApplication->runController('gomobile/gmserv...')
#10 /Applications/XAMPP/xamppfiles/htdocs/rapport/forManufaturers/rapportformanufacturers/framework/base/CApplication.php(180): CWebApplication->processRequest()
#11 /Applications/XAMPP/xamppfiles/htdocs/rapport/forManufaturers/rapportformanufacturers/chs/index.php(17): CApplication->run()
#12 {main}
REQUEST_URI=/rapport/forManufaturers/rapportformanufacturers/chs/index.php?r=gomobile/gmservicecalls/view
---
2016/12/30 13:53:28 [error] [exception.CHttpException.400] exception 'CHttpException' with message 'Your request is invalid.' in /Applications/XAMPP/xamppfiles/htdocs/rapport/forManufaturers/rapportformanufacturers/framework/web/CController.php:336
Stack trace:
#0 /Applications/XAMPP/xamppfiles/htdocs/rapport/forManufaturers/rapportformanufacturers/framework/web/CController.php(309): CController->invalidActionParams(Object(CInlineAction))
#1 /Applications/XAMPP/xamppfiles/htdocs/rapport/forManufaturers/rapportformanufacturers/framework/web/filters/CFilterChain.php(133): CController->runAction(Object(CInlineAction))
#2 /Applications/XAMPP/xamppfiles/htdocs/rapport/forManufaturers/rapportformanufacturers/framework/web/filters/CFilter.php(40): CFilterChain->run()
#3 /Applications/XAMPP/xamppfiles/htdocs/rapport/forManufaturers/rapportformanufacturers/chs/protected/modules/rights/components/RController.php(36): CFilter->filter(Object(CFilterChain))
#4 /Applications/XAMPP/xamppfiles/htdocs/rapport/forManufaturers/rapportformanufacturers/framework/web/filters/CInlineFilter.php(58): RController->filterRights(Object(CFilterChain))
#5 /Applications/XAMPP/xamppfiles/htdocs/rapport/forManufaturers/rapportformanufacturers/framework/web/filters/CFilterChain.php(130): CInlineFilter->filter(Object(CFilterChain))
#6 /Applications/XAMPP/xamppfiles/htdocs/rapport/forManufaturers/rapportformanufacturers/framework/web/CController.php(291): CFilterChain->run()
#7 /Applications/XAMPP/xamppfiles/htdocs/rapport/forManufaturers/rapportformanufacturers/framework/web/CController.php(265): CController->runActionWithFilters(Object(CInlineAction), Array)
#8 /Applications/XAMPP/xamppfiles/htdocs/rapport/forManufaturers/rapportformanufacturers/framework/web/CWebApplication.php(282): CController->run('view')
#9 /Applications/XAMPP/xamppfiles/htdocs/rapport/forManufaturers/rapportformanufacturers/framework/web/CWebApplication.php(141): CWebApplication->runController('servicecall/vie...')
#10 /Applications/XAMPP/xamppfiles/htdocs/rapport/forManufaturers/rapportformanufacturers/framework/base/CApplication.php(180): CWebApplication->processRequest()
#11 /Applications/XAMPP/xamppfiles/htdocs/rapport/forManufaturers/rapportformanufacturers/chs/index.php(17): CApplication->run()
#12 {main}
REQUEST_URI=/rapport/forManufaturers/rapportformanufacturers/chs/index.php?r=servicecall/view
---
2016/12/30 13:53:39 [error] [php] Trying to get property of non-object (/Applications/XAMPP/xamppfiles/htdocs/rapport/forManufaturers/rapportformanufacturers/chs/protected/views/servicecall/view.php:174)
Stack trace:
#0 /Applications/XAMPP/xamppfiles/htdocs/rapport/forManufaturers/rapportformanufacturers/framework/web/CController.php(869): ServicecallController->renderFile()
#1 /Applications/XAMPP/xamppfiles/htdocs/rapport/forManufaturers/rapportformanufacturers/framework/web/CController.php(782): ServicecallController->renderPartial()
#2 /Applications/XAMPP/xamppfiles/htdocs/rapport/forManufaturers/rapportformanufacturers/chs/protected/controllers/ServicecallController.php(58): ServicecallController->render()
#3 unknown(0): ServicecallController->actionView()
#4 /Applications/XAMPP/xamppfiles/htdocs/rapport/forManufaturers/rapportformanufacturers/framework/web/actions/CAction.php(108): ReflectionMethod->invokeArgs()
#5 /Applications/XAMPP/xamppfiles/htdocs/rapport/forManufaturers/rapportformanufacturers/framework/web/actions/CInlineAction.php(47): CInlineAction->runWithParamsInternal()
#6 /Applications/XAMPP/xamppfiles/htdocs/rapport/forManufaturers/rapportformanufacturers/framework/web/CController.php(308): CInlineAction->runWithParams()
#7 /Applications/XAMPP/xamppfiles/htdocs/rapport/forManufaturers/rapportformanufacturers/framework/web/filters/CFilterChain.php(133): ServicecallController->runAction()
#8 /Applications/XAMPP/xamppfiles/htdocs/rapport/forManufaturers/rapportformanufacturers/framework/web/filters/CFilter.php(40): CFilterChain->run()
#9 /Applications/XAMPP/xamppfiles/htdocs/rapport/forManufaturers/rapportformanufacturers/chs/protected/modules/rights/components/RController.php(36): RightsFilter->filter()
#10 /Applications/XAMPP/xamppfiles/htdocs/rapport/forManufaturers/rapportformanufacturers/framework/web/filters/CInlineFilter.php(58): ServicecallController->filterRights()
#11 /Applications/XAMPP/xamppfiles/htdocs/rapport/forManufaturers/rapportformanufacturers/framework/web/filters/CFilterChain.php(130): CInlineFilter->filter()
#12 /Applications/XAMPP/xamppfiles/htdocs/rapport/forManufaturers/rapportformanufacturers/framework/web/CController.php(291): CFilterChain->run()
#13 /Applications/XAMPP/xamppfiles/htdocs/rapport/forManufaturers/rapportformanufacturers/framework/web/CController.php(265): ServicecallController->runActionWithFilters()
#14 /Applications/XAMPP/xamppfiles/htdocs/rapport/forManufaturers/rapportformanufacturers/framework/web/CWebApplication.php(282): ServicecallController->run()
#15 /Applications/XAMPP/xamppfiles/htdocs/rapport/forManufaturers/rapportformanufacturers/framework/web/CWebApplication.php(141): CWebApplication->runController()
#16 /Applications/XAMPP/xamppfiles/htdocs/rapport/forManufaturers/rapportformanufacturers/framework/base/CApplication.php(180): CWebApplication->processRequest()
#17 /Applications/XAMPP/xamppfiles/htdocs/rapport/forManufaturers/rapportformanufacturers/chs/index.php(17): CWebApplication->run()
REQUEST_URI=/rapport/forManufaturers/rapportformanufacturers/chs/index.php?r=servicecall/view&id=39466
in /Applications/XAMPP/xamppfiles/htdocs/rapport/forManufaturers/rapportformanufacturers/chs/protected/views/servicecall/view.php (174)
in /Applications/XAMPP/xamppfiles/htdocs/rapport/forManufaturers/rapportformanufacturers/chs/protected/controllers/ServicecallController.php (58)
in /Applications/XAMPP/xamppfiles/htdocs/rapport/forManufaturers/rapportformanufacturers/chs/protected/modules/rights/components/RController.php (36)
2016/12/30 13:54:13 [error] [php] Trying to get property of non-object (/Applications/XAMPP/xamppfiles/htdocs/rapport/forManufaturers/rapportformanufacturers/chs/protected/views/servicecall/view.php:174)
Stack trace:
#0 /Applications/XAMPP/xamppfiles/htdocs/rapport/forManufaturers/rapportformanufacturers/framework/web/CController.php(869): ServicecallController->renderFile()
#1 /Applications/XAMPP/xamppfiles/htdocs/rapport/forManufaturers/rapportformanufacturers/framework/web/CController.php(782): ServicecallController->renderPartial()
#2 /Applications/XAMPP/xamppfiles/htdocs/rapport/forManufaturers/rapportformanufacturers/chs/protected/controllers/ServicecallController.php(58): ServicecallController->render()
#3 unknown(0): ServicecallController->actionView()
#4 /Applications/XAMPP/xamppfiles/htdocs/rapport/forManufaturers/rapportformanufacturers/framework/web/actions/CAction.php(108): ReflectionMethod->invokeArgs()
#5 /Applications/XAMPP/xamppfiles/htdocs/rapport/forManufaturers/rapportformanufacturers/framework/web/actions/CInlineAction.php(47): CInlineAction->runWithParamsInternal()
#6 /Applications/XAMPP/xamppfiles/htdocs/rapport/forManufaturers/rapportformanufacturers/framework/web/CController.php(308): CInlineAction->runWithParams()
#7 /Applications/XAMPP/xamppfiles/htdocs/rapport/forManufaturers/rapportformanufacturers/framework/web/filters/CFilterChain.php(133): ServicecallController->runAction()
#8 /Applications/XAMPP/xamppfiles/htdocs/rapport/forManufaturers/rapportformanufacturers/framework/web/filters/CFilter.php(40): CFilterChain->run()
#9 /Applications/XAMPP/xamppfiles/htdocs/rapport/forManufaturers/rapportformanufacturers/chs/protected/modules/rights/components/RController.php(36): RightsFilter->filter()
#10 /Applications/XAMPP/xamppfiles/htdocs/rapport/forManufaturers/rapportformanufacturers/framework/web/filters/CInlineFilter.php(58): ServicecallController->filterRights()
#11 /Applications/XAMPP/xamppfiles/htdocs/rapport/forManufaturers/rapportformanufacturers/framework/web/filters/CFilterChain.php(130): CInlineFilter->filter()
#12 /Applications/XAMPP/xamppfiles/htdocs/rapport/forManufaturers/rapportformanufacturers/framework/web/CController.php(291): CFilterChain->run()
#13 /Applications/XAMPP/xamppfiles/htdocs/rapport/forManufaturers/rapportformanufacturers/framework/web/CController.php(265): ServicecallController->runActionWithFilters()
#14 /Applications/XAMPP/xamppfiles/htdocs/rapport/forManufaturers/rapportformanufacturers/framework/web/CWebApplication.php(282): ServicecallController->run()
#15 /Applications/XAMPP/xamppfiles/htdocs/rapport/forManufaturers/rapportformanufacturers/framework/web/CWebApplication.php(141): CWebApplication->runController()
#16 /Applications/XAMPP/xamppfiles/htdocs/rapport/forManufaturers/rapportformanufacturers/framework/base/CApplication.php(180): CWebApplication->processRequest()
#17 /Applications/XAMPP/xamppfiles/htdocs/rapport/forManufaturers/rapportformanufacturers/chs/index.php(17): CWebApplication->run()
REQUEST_URI=/rapport/forManufaturers/rapportformanufacturers/chs/index.php?r=servicecall/view&id=39466&openservicedialog=true
in /Applications/XAMPP/xamppfiles/htdocs/rapport/forManufaturers/rapportformanufacturers/chs/protected/views/servicecall/view.php (174)
in /Applications/XAMPP/xamppfiles/htdocs/rapport/forManufaturers/rapportformanufacturers/chs/protected/controllers/ServicecallController.php (58)
in /Applications/XAMPP/xamppfiles/htdocs/rapport/forManufaturers/rapportformanufacturers/chs/protected/modules/rights/components/RController.php (36)
2016/12/30 13:54:17 [error] [php] Trying to get property of non-object (/Applications/XAMPP/xamppfiles/htdocs/rapport/forManufaturers/rapportformanufacturers/chs/protected/views/servicecall/view.php:174)
Stack trace:
#0 /Applications/XAMPP/xamppfiles/htdocs/rapport/forManufaturers/rapportformanufacturers/framework/web/CController.php(869): ServicecallController->renderFile()
#1 /Applications/XAMPP/xamppfiles/htdocs/rapport/forManufaturers/rapportformanufacturers/framework/web/CController.php(782): ServicecallController->renderPartial()
#2 /Applications/XAMPP/xamppfiles/htdocs/rapport/forManufaturers/rapportformanufacturers/chs/protected/controllers/ServicecallController.php(58): ServicecallController->render()
#3 unknown(0): ServicecallController->actionView()
#4 /Applications/XAMPP/xamppfiles/htdocs/rapport/forManufaturers/rapportformanufacturers/framework/web/actions/CAction.php(108): ReflectionMethod->invokeArgs()
#5 /Applications/XAMPP/xamppfiles/htdocs/rapport/forManufaturers/rapportformanufacturers/framework/web/actions/CInlineAction.php(47): CInlineAction->runWithParamsInternal()
#6 /Applications/XAMPP/xamppfiles/htdocs/rapport/forManufaturers/rapportformanufacturers/framework/web/CController.php(308): CInlineAction->runWithParams()
#7 /Applications/XAMPP/xamppfiles/htdocs/rapport/forManufaturers/rapportformanufacturers/framework/web/filters/CFilterChain.php(133): ServicecallController->runAction()
#8 /Applications/XAMPP/xamppfiles/htdocs/rapport/forManufaturers/rapportformanufacturers/framework/web/filters/CFilter.php(40): CFilterChain->run()
#9 /Applications/XAMPP/xamppfiles/htdocs/rapport/forManufaturers/rapportformanufacturers/chs/protected/modules/rights/components/RController.php(36): RightsFilter->filter()
#10 /Applications/XAMPP/xamppfiles/htdocs/rapport/forManufaturers/rapportformanufacturers/framework/web/filters/CInlineFilter.php(58): ServicecallController->filterRights()
#11 /Applications/XAMPP/xamppfiles/htdocs/rapport/forManufaturers/rapportformanufacturers/framework/web/filters/CFilterChain.php(130): CInlineFilter->filter()
#12 /Applications/XAMPP/xamppfiles/htdocs/rapport/forManufaturers/rapportformanufacturers/framework/web/CController.php(291): CFilterChain->run()
#13 /Applications/XAMPP/xamppfiles/htdocs/rapport/forManufaturers/rapportformanufacturers/framework/web/CController.php(265): ServicecallController->runActionWithFilters()
#14 /Applications/XAMPP/xamppfiles/htdocs/rapport/forManufaturers/rapportformanufacturers/framework/web/CWebApplication.php(282): ServicecallController->run()
#15 /Applications/XAMPP/xamppfiles/htdocs/rapport/forManufaturers/rapportformanufacturers/framework/web/CWebApplication.php(141): CWebApplication->runController()
#16 /Applications/XAMPP/xamppfiles/htdocs/rapport/forManufaturers/rapportformanufacturers/framework/base/CApplication.php(180): CWebApplication->processRequest()
#17 /Applications/XAMPP/xamppfiles/htdocs/rapport/forManufaturers/rapportformanufacturers/chs/index.php(17): CWebApplication->run()
REQUEST_URI=/rapport/forManufaturers/rapportformanufacturers/chs/index.php?r=servicecall/view&id=39466
in /Applications/XAMPP/xamppfiles/htdocs/rapport/forManufaturers/rapportformanufacturers/chs/protected/views/servicecall/view.php (174)
in /Applications/XAMPP/xamppfiles/htdocs/rapport/forManufaturers/rapportformanufacturers/chs/protected/controllers/ServicecallController.php (58)
in /Applications/XAMPP/xamppfiles/htdocs/rapport/forManufaturers/rapportformanufacturers/chs/protected/modules/rights/components/RController.php (36)
2016/12/30 13:54:51 [error] [php] Trying to get property of non-object (/Applications/XAMPP/xamppfiles/htdocs/rapport/forManufaturers/rapportformanufacturers/chs/protected/views/servicecall/view.php:174)
Stack trace:
#0 /Applications/XAMPP/xamppfiles/htdocs/rapport/forManufaturers/rapportformanufacturers/framework/web/CController.php(869): ServicecallController->renderFile()
#1 /Applications/XAMPP/xamppfiles/htdocs/rapport/forManufaturers/rapportformanufacturers/framework/web/CController.php(782): ServicecallController->renderPartial()
#2 /Applications/XAMPP/xamppfiles/htdocs/rapport/forManufaturers/rapportformanufacturers/chs/protected/controllers/ServicecallController.php(58): ServicecallController->render()
#3 unknown(0): ServicecallController->actionView()
#4 /Applications/XAMPP/xamppfiles/htdocs/rapport/forManufaturers/rapportformanufacturers/framework/web/actions/CAction.php(108): ReflectionMethod->invokeArgs()
#5 /Applications/XAMPP/xamppfiles/htdocs/rapport/forManufaturers/rapportformanufacturers/framework/web/actions/CInlineAction.php(47): CInlineAction->runWithParamsInternal()
#6 /Applications/XAMPP/xamppfiles/htdocs/rapport/forManufaturers/rapportformanufacturers/framework/web/CController.php(308): CInlineAction->runWithParams()
#7 /Applications/XAMPP/xamppfiles/htdocs/rapport/forManufaturers/rapportformanufacturers/framework/web/filters/CFilterChain.php(133): ServicecallController->runAction()
#8 /Applications/XAMPP/xamppfiles/htdocs/rapport/forManufaturers/rapportformanufacturers/framework/web/filters/CFilter.php(40): CFilterChain->run()
#9 /Applications/XAMPP/xamppfiles/htdocs/rapport/forManufaturers/rapportformanufacturers/chs/protected/modules/rights/components/RController.php(36): RightsFilter->filter()
#10 /Applications/XAMPP/xamppfiles/htdocs/rapport/forManufaturers/rapportformanufacturers/framework/web/filters/CInlineFilter.php(58): ServicecallController->filterRights()
#11 /Applications/XAMPP/xamppfiles/htdocs/rapport/forManufaturers/rapportformanufacturers/framework/web/filters/CFilterChain.php(130): CInlineFilter->filter()
#12 /Applications/XAMPP/xamppfiles/htdocs/rapport/forManufaturers/rapportformanufacturers/framework/web/CController.php(291): CFilterChain->run()
#13 /Applications/XAMPP/xamppfiles/htdocs/rapport/forManufaturers/rapportformanufacturers/framework/web/CController.php(265): ServicecallController->runActionWithFilters()
#14 /Applications/XAMPP/xamppfiles/htdocs/rapport/forManufaturers/rapportformanufacturers/framework/web/CWebApplication.php(282): ServicecallController->run()
#15 /Applications/XAMPP/xamppfiles/htdocs/rapport/forManufaturers/rapportformanufacturers/framework/web/CWebApplication.php(141): CWebApplication->runController()
#16 /Applications/XAMPP/xamppfiles/htdocs/rapport/forManufaturers/rapportformanufacturers/framework/base/CApplication.php(180): CWebApplication->processRequest()
#17 /Applications/XAMPP/xamppfiles/htdocs/rapport/forManufaturers/rapportformanufacturers/chs/index.php(17): CWebApplication->run()
REQUEST_URI=/rapport/forManufaturers/rapportformanufacturers/chs/index.php?r=servicecall/view&id=39466&openservicedialog=true
in /Applications/XAMPP/xamppfiles/htdocs/rapport/forManufaturers/rapportformanufacturers/chs/protected/views/servicecall/view.php (174)
in /Applications/XAMPP/xamppfiles/htdocs/rapport/forManufaturers/rapportformanufacturers/chs/protected/controllers/ServicecallController.php (58)
in /Applications/XAMPP/xamppfiles/htdocs/rapport/forManufaturers/rapportformanufacturers/chs/protected/modules/rights/components/RController.php (36)
2017/01/03 19:42:56 [error] [php] date() expects parameter 2 to be long, string given (/Applications/XAMPP/xamppfiles/htdocs/rapport/forManufaturers/rapportformanufacturers/chs/protected/modules/gomobile/models/Gmservicecalls.php:396)
Stack trace:
#0 /Applications/XAMPP/xamppfiles/htdocs/rapport/forManufaturers/rapportformanufacturers/framework/web/actions/CInlineAction.php(49): GmservicecallsController->actionApprovetheclaim()
#1 /Applications/XAMPP/xamppfiles/htdocs/rapport/forManufaturers/rapportformanufacturers/framework/web/CController.php(308): CInlineAction->runWithParams()
#2 /Applications/XAMPP/xamppfiles/htdocs/rapport/forManufaturers/rapportformanufacturers/framework/web/filters/CFilterChain.php(133): GmservicecallsController->runAction()
#3 /Applications/XAMPP/xamppfiles/htdocs/rapport/forManufaturers/rapportformanufacturers/framework/web/filters/CFilter.php(40): CFilterChain->run()
#4 /Applications/XAMPP/xamppfiles/htdocs/rapport/forManufaturers/rapportformanufacturers/chs/protected/modules/rights/components/RController.php(36): RightsFilter->filter()
#5 /Applications/XAMPP/xamppfiles/htdocs/rapport/forManufaturers/rapportformanufacturers/framework/web/filters/CInlineFilter.php(58): GmservicecallsController->filterRights()
#6 /Applications/XAMPP/xamppfiles/htdocs/rapport/forManufaturers/rapportformanufacturers/framework/web/filters/CFilterChain.php(130): CInlineFilter->filter()
#7 /Applications/XAMPP/xamppfiles/htdocs/rapport/forManufaturers/rapportformanufacturers/framework/web/CController.php(291): CFilterChain->run()
#8 /Applications/XAMPP/xamppfiles/htdocs/rapport/forManufaturers/rapportformanufacturers/framework/web/CController.php(265): GmservicecallsController->runActionWithFilters()
#9 /Applications/XAMPP/xamppfiles/htdocs/rapport/forManufaturers/rapportformanufacturers/framework/web/CWebApplication.php(282): GmservicecallsController->run()
#10 /Applications/XAMPP/xamppfiles/htdocs/rapport/forManufaturers/rapportformanufacturers/framework/web/CWebApplication.php(141): CWebApplication->runController()
#11 /Applications/XAMPP/xamppfiles/htdocs/rapport/forManufaturers/rapportformanufacturers/framework/base/CApplication.php(180): CWebApplication->processRequest()
#12 /Applications/XAMPP/xamppfiles/htdocs/rapport/forManufaturers/rapportformanufacturers/chs/index.php(17): CWebApplication->run()
REQUEST_URI=/rapport/forManufaturers/rapportformanufacturers/chs/index.php?r=gomobile/gmservicecalls/approvetheclaim
in /Applications/XAMPP/xamppfiles/htdocs/rapport/forManufaturers/rapportformanufacturers/chs/protected/modules/gomobile/models/Gmservicecalls.php (396)
in /Applications/XAMPP/xamppfiles/htdocs/rapport/forManufaturers/rapportformanufacturers/chs/protected/modules/gomobile/controllers/GmservicecallsController.php (374)
in /Applications/XAMPP/xamppfiles/htdocs/rapport/forManufaturers/rapportformanufacturers/chs/protected/modules/rights/components/RController.php (36)
